{"/home/travis/build/npmtest/node-npmtest-eventemitter2/test.js":{"path":"/home/travis/build/npmtest/node-npmtest-eventemitter2/test.js","s":{"1":2,"2":2,"3":2,"4":2,"5":2,"6":2,"7":2,"8":1,"9":2,"10":2,"11":1,"12":1,"13":1,"14":1,"15":2,"16":2,"17":2,"18":2,"19":1,"20":1,"21":2,"22":2,"23":2,"24":1,"25":1,"26":1,"27":1,"28":1,"29":1,"30":1,"31":1,"32":1,"33":1,"34":1,"35":1,"36":1,"37":1,"38":1,"39":2,"40":2,"41":1,"42":2,"43":2,"44":1,"45":2,"46":2,"47":1,"48":2,"49":2,"50":1,"51":1,"52":1,"53":1,"54":1},"b":{"1":[2,1,1,1],"2":[1,1,1,1],"3":[1,1],"4":[1,1],"5":[1,1],"6":[1,1],"7":[1,1],"8":[1,1],"9":[1,1],"10":[1,1,1],"11":[1,1],"12":[1,1],"13":[1,1],"14":[1,1],"15":[1,1],"16":[1,1],"17":[1,1]},"f":{"1":2,"2":2,"3":2,"4":2,"5":2,"6":1,"7":1,"8":1,"9":2,"10":2,"11":2,"12":2,"13":1},"fnMap":{"1":{"name":"(anonymous_1)","line":12,"loc":{"start":{"line":12,"column":1},"end":{"line":12,"column":13}}},"2":{"name":"(anonymous_2)","line":19,"loc":{"start":{"line":19,"column":5},"end":{"line":19,"column":17}}},"3":{"name":"(anonymous_3)","line":23,"loc":{"start":{"line":23,"column":24},"end":{"line":23,"column":36}}},"4":{"name":"(anonymous_4)","line":61,"loc":{"start":{"line":61,"column":5},"end":{"line":61,"column":17}}},"5":{"name":"(anonymous_5)","line":82,"loc":{"start":{"line":82,"column":5},"end":{"line":82,"column":17}}},"6":{"name":"(anonymous_6)","line":91,"loc":{"start":{"line":91,"column":77},"end":{"line":94,"column":10}}},"7":{"name":"(anonymous_7)","line":112,"loc":{"start":{"line":112,"column":83},"end":{"line":115,"column":10}},"skip":true},"8":{"name":"(anonymous_8)","line":123,"loc":{"start":{"line":123,"column":77},"end":{"line":126,"column":10}},"skip":true},"9":{"name":"(anonymous_9)","line":139,"loc":{"start":{"line":139,"column":12},"end":{"line":139,"column":40}},"skip":true},"10":{"name":"(anonymous_10)","line":147,"loc":{"start":{"line":147,"column":77},"end":{"line":150,"column":10}},"skip":true},"11":{"name":"(anonymous_11)","line":158,"loc":{"start":{"line":158,"column":83},"end":{"line":161,"column":10}},"skip":true},"12":{"name":"(anonymous_12)","line":169,"loc":{"start":{"line":169,"column":79},"end":{"line":172,"column":10}},"skip":true},"13":{"name":"(anonymous_13)","line":180,"loc":{"start":{"line":180,"column":75},"end":{"line":183,"column":10}},"skip":true}},"statementMap":{"1":{"start":{"line":12,"column":0},"end":{"line":195,"column":5}},"2":{"start":{"line":14,"column":4},"end":{"line":14,"column":14}},"3":{"start":{"line":19,"column":4},"end":{"line":56,"column":9}},"4":{"start":{"line":21,"column":8},"end":{"line":21,"column":19}},"5":{"start":{"line":23,"column":8},"end":{"line":35,"column":13}},"6":{"start":{"line":24,"column":12},"end":{"line":34,"column":13}},"7":{"start":{"line":25,"column":16},"end":{"line":28,"column":30}},"8":{"start":{"line":30,"column":16},"end":{"line":33,"column":27}},"9":{"start":{"line":37,"column":8},"end":{"line":39,"column":21}},"10":{"start":{"line":40,"column":8},"end":{"line":53,"column":9}},"11":{"start":{"line":43,"column":12},"end":{"line":46,"column":14}},"12":{"start":{"line":47,"column":12},"end":{"line":47,"column":18}},"13":{"start":{"line":50,"column":12},"end":{"line":51,"column":46}},"14":{"start":{"line":52,"column":12},"end":{"line":52,"column":18}},"15":{"start":{"line":55,"column":8},"end":{"line":55,"column":35}},"16":{"start":{"line":61,"column":4},"end":{"line":63,"column":9}},"17":{"start":{"line":62,"column":8},"end":{"line":62,"column":15}},"18":{"start":{"line":64,"column":4},"end":{"line":77,"column":5}},"19":{"start":{"line":70,"column":8},"end":{"line":70,"column":14}},"20":{"start":{"line":76,"column":8},"end":{"line":76,"column":14}},"21":{"start":{"line":82,"column":4},"end":{"line":84,"column":9}},"22":{"start":{"line":83,"column":8},"end":{"line":83,"column":15}},"23":{"start":{"line":85,"column":4},"end":{"line":194,"column":5}},"24":{"start":{"line":91,"column":8},"end":{"line":99,"column":10}},"25":{"start":{"line":98,"column":12},"end":{"line":98,"column":35}},"26":{"start":{"line":102,"column":8},"end":{"line":104,"column":63}},"27":{"start":{"line":105,"column":8},"end":{"line":105,"column":14}},"28":{"start":{"line":112,"column":8},"end":{"line":121,"column":10},"skip":true},"29":{"start":{"line":119,"column":12},"end":{"line":119,"column":55},"skip":true},"30":{"start":{"line":120,"column":12},"end":{"line":120,"column":48},"skip":true},"31":{"start":{"line":123,"column":8},"end":{"line":136,"column":10},"skip":true},"32":{"start":{"line":130,"column":12},"end":{"line":130,"column":76},"skip":true},"33":{"start":{"line":131,"column":12},"end":{"line":131,"column":73},"skip":true},"34":{"start":{"line":132,"column":12},"end":{"line":132,"column":74},"skip":true},"35":{"start":{"line":133,"column":12},"end":{"line":133,"column":79},"skip":true},"36":{"start":{"line":134,"column":12},"end":{"line":134,"column":25},"skip":true},"37":{"start":{"line":135,"column":12},"end":{"line":135,"column":45},"skip":true},"38":{"start":{"line":138,"column":8},"end":{"line":145,"column":14},"skip":true},"39":{"start":{"line":143,"column":16},"end":{"line":143,"column":29},"skip":true},"40":{"start":{"line":144,"column":16},"end":{"line":144,"column":55},"skip":true},"41":{"start":{"line":147,"column":8},"end":{"line":156,"column":10},"skip":true},"42":{"start":{"line":154,"column":12},"end":{"line":154,"column":25},"skip":true},"43":{"start":{"line":155,"column":12},"end":{"line":155,"column":45},"skip":true},"44":{"start":{"line":158,"column":8},"end":{"line":167,"column":10},"skip":true},"45":{"start":{"line":165,"column":12},"end":{"line":165,"column":25},"skip":true},"46":{"start":{"line":166,"column":12},"end":{"line":166,"column":48},"skip":true},"47":{"start":{"line":169,"column":8},"end":{"line":178,"column":10},"skip":true},"48":{"start":{"line":176,"column":12},"end":{"line":176,"column":25},"skip":true},"49":{"start":{"line":177,"column":12},"end":{"line":177,"column":46},"skip":true},"50":{"start":{"line":180,"column":8},"end":{"line":189,"column":10},"skip":true},"51":{"start":{"line":187,"column":12},"end":{"line":187,"column":94},"skip":true},"52":{"start":{"line":188,"column":12},"end":{"line":188,"column":48},"skip":true},"53":{"start":{"line":192,"column":8},"end":{"line":192,"column":35},"skip":true},"54":{"start":{"line":193,"column":8},"end":{"line":193,"column":14},"skip":true}},"branchMap":{"1":{"line":25,"type":"binary-expr","locations":[{"start":{"line":25,"column":23},"end":{"line":25,"column":62}},{"start":{"line":26,"column":20},"end":{"line":26,"column":70}},{"start":{"line":27,"column":20},"end":{"line":27,"column":71}},{"start":{"line":28,"column":20},"end":{"line":28,"column":29}}]},"2":{"line":30,"type":"binary-expr","locations":[{"start":{"line":30,"column":23},"end":{"line":30,"column":37}},{"start":{"line":31,"column":20},"end":{"line":31,"column":61}},{"start":{"line":32,"column":20},"end":{"line":32,"column":70}},{"start":{"line":33,"column":20},"end":{"line":33,"column":26}}]},"3":{"line":37,"type":"cond-expr","locations":[{"start":{"line":38,"column":14},"end":{"line":38,"column":20}},{"start":{"line":39,"column":14},"end":{"line":39,"column":20}}]},"4":{"line":40,"type":"switch","locations":[{"start":{"line":42,"column":8},"end":{"line":47,"column":18}},{"start":{"line":49,"column":8},"end":{"line":52,"column":18}}]},"5":{"line":44,"type":"binary-expr","locations":[{"start":{"line":44,"column":16},"end":{"line":44,"column":44}},{"start":{"line":44,"column":48},"end":{"line":44,"column":66}}]},"6":{"line":50,"type":"binary-expr","locations":[{"start":{"line":50,"column":21},"end":{"line":50,"column":49}},{"start":{"line":50,"column":53},"end":{"line":50,"column":72}}]},"7":{"line":64,"type":"switch","locations":[{"start":{"line":69,"column":4},"end":{"line":70,"column":14}},{"start":{"line":75,"column":4},"end":{"line":76,"column":14}}]},"8":{"line":85,"type":"switch","locations":[{"start":{"line":90,"column":4},"end":{"line":105,"column":14}},{"start":{"line":111,"column":4},"end":{"line":193,"column":14},"skip":true}]},"9":{"line":91,"type":"binary-expr","locations":[{"start":{"line":91,"column":42},"end":{"line":91,"column":73}},{"start":{"line":91,"column":77},"end":{"line":99,"column":9}}]},"10":{"line":102,"type":"binary-expr","locations":[{"start":{"line":102,"column":18},"end":{"line":102,"column":32}},{"start":{"line":103,"column":12},"end":{"line":103,"column":53}},{"start":{"line":104,"column":12},"end":{"line":104,"column":61}}]},"11":{"line":112,"type":"binary-expr","locations":[{"start":{"line":112,"column":45},"end":{"line":112,"column":79},"skip":true},{"start":{"line":112,"column":83},"end":{"line":121,"column":9},"skip":true}]},"12":{"line":123,"type":"binary-expr","locations":[{"start":{"line":123,"column":42},"end":{"line":123,"column":73},"skip":true},{"start":{"line":123,"column":77},"end":{"line":136,"column":9},"skip":true}]},"13":{"line":138,"type":"binary-expr","locations":[{"start":{"line":138,"column":48},"end":{"line":138,"column":85},"skip":true},{"start":{"line":139,"column":12},"end":{"line":145,"column":13},"skip":true}]},"14":{"line":147,"type":"binary-expr","locations":[{"start":{"line":147,"column":42},"end":{"line":147,"column":73},"skip":true},{"start":{"line":147,"column":77},"end":{"line":156,"column":9},"skip":true}]},"15":{"line":158,"type":"binary-expr","locations":[{"start":{"line":158,"column":45},"end":{"line":158,"column":79},"skip":true},{"start":{"line":158,"column":83},"end":{"line":167,"column":9},"skip":true}]},"16":{"line":169,"type":"binary-expr","locations":[{"start":{"line":169,"column":43},"end":{"line":169,"column":75},"skip":true},{"start":{"line":169,"column":79},"end":{"line":178,"column":9},"skip":true}]},"17":{"line":180,"type":"binary-expr","locations":[{"start":{"line":180,"column":41},"end":{"line":180,"column":71},"skip":true},{"start":{"line":180,"column":75},"end":{"line":189,"column":9},"skip":true}]}},"code":["/* istanbul instrument in package npmtest_eventemitter2 */","/*jslint","    bitwise: true,","    browser: true,","    maxerr: 8,","    maxlen: 96,","    node: true,","    nomen: true,","    regexp: true,","    stupid: true","*/","(function () {","    'use strict';","    var local;","","","","    // run shared js-env code - pre-init","    (function () {","        // init local","        local = {};","        // init modeJs","        local.modeJs = (function () {","            try {","                return typeof navigator.userAgent === 'string' &&","                    typeof document.querySelector('body') === 'object' &&","                    typeof XMLHttpRequest.prototype.open === 'function' &&","                    'browser';","            } catch (errorCaughtBrowser) {","                return module.exports &&","                    typeof process.versions.node === 'string' &&","                    typeof require('http').createServer === 'function' &&","                    'node';","            }","        }());","        // init global","        local.global = local.modeJs === 'browser'","            ? window","            : global;","        switch (local.modeJs) {","        // re-init local from window.local","        case 'browser':","            local = local.global.utility2.objectSetDefault(","                local.global.utility2_rollup || local.global.local,","                local.global.utility2","            );","            break;","        // re-init local from example.js","        case 'node':","            local = (local.global.utility2_rollup || require('utility2'))","                .requireExampleJsFromReadme();","            break;","        }","        // export local","        local.global.local = local;","    }());","","","","    // run shared js-env code - function","    (function () {","        return;","    }());","    switch (local.modeJs) {","","","","    // run browser js-env code - function","    case 'browser':","        break;","","","","    // run node js-env code - function","    case 'node':","        break;","    }","","","","    // run shared js-env code - post-init","    (function () {","        return;","    }());","    switch (local.modeJs) {","","","","    // run browser js-env code - post-init","    case 'browser':","        local.testCase_browser_nullCase = local.testCase_browser_nullCase || function (","            options,","            onError","        ) {","        /*","         * this function will test browsers's null-case handling-behavior-behavior","         */","            onError(null, options);","        };","","        // run tests","        local.nop(local.modeTest &&","            document.querySelector('#testRunButton1') &&","            document.querySelector('#testRunButton1').click());","        break;","","","","    // run node js-env code - post-init","    /* istanbul ignore next */","    case 'node':","        local.testCase_buildApidoc_default = local.testCase_buildApidoc_default || function (","            options,","            onError","        ) {","        /*","         * this function will test buildApidoc's default handling-behavior-behavior","         */","            options = { modulePathList: module.paths };","            local.buildApidoc(options, onError);","        };","","        local.testCase_buildApp_default = local.testCase_buildApp_default || function (","            options,","            onError","        ) {","        /*","         * this function will test buildApp's default handling-behavior-behavior","         */","            local.testCase_buildReadme_default(options, local.onErrorThrow);","            local.testCase_buildLib_default(options, local.onErrorThrow);","            local.testCase_buildTest_default(options, local.onErrorThrow);","            local.testCase_buildCustomOrg_default(options, local.onErrorThrow);","            options = [];","            local.buildApp(options, onError);","        };","","        local.testCase_buildCustomOrg_default = local.testCase_buildCustomOrg_default ||","            function (options, onError) {","            /*","             * this function will test buildCustomOrg's default handling-behavior","             */","                options = {};","                local.buildCustomOrg(options, onError);","            };","","        local.testCase_buildLib_default = local.testCase_buildLib_default || function (","            options,","            onError","        ) {","        /*","         * this function will test buildLib's default handling-behavior","         */","            options = {};","            local.buildLib(options, onError);","        };","","        local.testCase_buildReadme_default = local.testCase_buildReadme_default || function (","            options,","            onError","        ) {","        /*","         * this function will test buildReadme's default handling-behavior-behavior","         */","            options = {};","            local.buildReadme(options, onError);","        };","","        local.testCase_buildTest_default = local.testCase_buildTest_default || function (","            options,","            onError","        ) {","        /*","         * this function will test buildTest's default handling-behavior","         */","            options = {};","            local.buildTest(options, onError);","        };","","        local.testCase_webpage_default = local.testCase_webpage_default || function (","            options,","            onError","        ) {","        /*","         * this function will test webpage's default handling-behavior","         */","            options = { modeCoverageMerge: true, url: local.serverLocalHost + '?modeTest=1' };","            local.browserTest(options, onError);","        };","","        // run test-server","        local.testRunServer(local);","        break;","    }","}());",""],"l":{"12":2,"14":2,"19":2,"21":2,"23":2,"24":2,"25":2,"30":1,"37":2,"40":2,"43":1,"47":1,"50":1,"52":1,"55":2,"61":2,"62":2,"64":2,"70":1,"76":1,"82":2,"83":2,"85":2,"91":1,"98":1,"102":1,"105":1,"112":1,"119":1,"120":1,"123":1,"130":1,"131":1,"132":1,"133":1,"134":1,"135":1,"138":1,"143":2,"144":2,"147":1,"154":2,"155":2,"158":1,"165":2,"166":2,"169":1,"176":2,"177":2,"180":1,"187":1,"188":1,"192":1,"193":1}},"/home/travis/build/npmtest/node-npmtest-eventemitter2/lib.npmtest_eventemitter2.js":{"path":"/home/travis/build/npmtest/node-npmtest-eventemitter2/lib.npmtest_eventemitter2.js","s":{"1":2,"2":2,"3":2,"4":2,"5":2,"6":2,"7":2,"8":1,"9":2,"10":2,"11":2,"12":2,"13":1,"14":1,"15":1,"16":1},"b":{"1":[2,1,1,1],"2":[1,1,1,1],"3":[1,1],"4":[2,2],"5":[1,1]},"f":{"1":2,"2":2,"3":2},"fnMap":{"1":{"name":"(anonymous_1)","line":12,"loc":{"start":{"line":12,"column":1},"end":{"line":12,"column":13}}},"2":{"name":"(anonymous_2)","line":19,"loc":{"start":{"line":19,"column":5},"end":{"line":19,"column":17}}},"3":{"name":"(anonymous_3)","line":23,"loc":{"start":{"line":23,"column":24},"end":{"line":23,"column":36}}}},"statementMap":{"1":{"start":{"line":12,"column":0},"end":{"line":53,"column":5}},"2":{"start":{"line":14,"column":4},"end":{"line":14,"column":14}},"3":{"start":{"line":19,"column":4},"end":{"line":52,"column":9}},"4":{"start":{"line":21,"column":8},"end":{"line":21,"column":19}},"5":{"start":{"line":23,"column":8},"end":{"line":35,"column":13}},"6":{"start":{"line":24,"column":12},"end":{"line":34,"column":13}},"7":{"start":{"line":25,"column":16},"end":{"line":28,"column":30}},"8":{"start":{"line":30,"column":16},"end":{"line":33,"column":27}},"9":{"start":{"line":37,"column":8},"end":{"line":39,"column":21}},"10":{"start":{"line":41,"column":8},"end":{"line":41,"column":54}},"11":{"start":{"line":43,"column":8},"end":{"line":43,"column":58}},"12":{"start":{"line":45,"column":8},"end":{"line":51,"column":9}},"13":{"start":{"line":46,"column":12},"end":{"line":46,"column":64}},"14":{"start":{"line":48,"column":12},"end":{"line":48,"column":35}},"15":{"start":{"line":49,"column":12},"end":{"line":49,"column":49}},"16":{"start":{"line":50,"column":12},"end":{"line":50,"column":43}}},"branchMap":{"1":{"line":25,"type":"binary-expr","locations":[{"start":{"line":25,"column":23},"end":{"line":25,"column":62}},{"start":{"line":26,"column":20},"end":{"line":26,"column":70}},{"start":{"line":27,"column":20},"end":{"line":27,"column":71}},{"start":{"line":28,"column":20},"end":{"line":28,"column":29}}]},"2":{"line":30,"type":"binary-expr","locations":[{"start":{"line":30,"column":23},"end":{"line":30,"column":37}},{"start":{"line":31,"column":20},"end":{"line":31,"column":61}},{"start":{"line":32,"column":20},"end":{"line":32,"column":70}},{"start":{"line":33,"column":20},"end":{"line":33,"column":26}}]},"3":{"line":37,"type":"cond-expr","locations":[{"start":{"line":38,"column":14},"end":{"line":38,"column":20}},{"start":{"line":39,"column":14},"end":{"line":39,"column":20}}]},"4":{"line":41,"type":"binary-expr","locations":[{"start":{"line":41,"column":16},"end":{"line":41,"column":44}},{"start":{"line":41,"column":48},"end":{"line":41,"column":53}}]},"5":{"line":45,"type":"if","locations":[{"start":{"line":45,"column":8},"end":{"line":45,"column":8}},{"start":{"line":45,"column":8},"end":{"line":45,"column":8}}]}},"code":["/* istanbul instrument in package npmtest_eventemitter2 */","/*jslint","    bitwise: true,","    browser: true,","    maxerr: 8,","    maxlen: 96,","    node: true,","    nomen: true,","    regexp: true,","    stupid: true","*/","(function () {","    'use strict';","    var local;","","","","    // run shared js-env code - pre-init","    (function () {","        // init local","        local = {};","        // init modeJs","        local.modeJs = (function () {","            try {","                return typeof navigator.userAgent === 'string' &&","                    typeof document.querySelector('body') === 'object' &&","                    typeof XMLHttpRequest.prototype.open === 'function' &&","                    'browser';","            } catch (errorCaughtBrowser) {","                return module.exports &&","                    typeof process.versions.node === 'string' &&","                    typeof require('http').createServer === 'function' &&","                    'node';","            }","        }());","        // init global","        local.global = local.modeJs === 'browser'","            ? window","            : global;","        // init utility2_rollup","        local = local.global.utility2_rollup || local;","        // init lib","        local.local = local.npmtest_eventemitter2 = local;","        // init exports","        if (local.modeJs === 'browser') {","            local.global.utility2_npmtest_eventemitter2 = local;","        } else {","            module.exports = local;","            module.exports.__dirname = __dirname;","            module.exports.module = module;","        }","    }());","}());",""],"l":{"12":2,"14":2,"19":2,"21":2,"23":2,"24":2,"25":2,"30":1,"37":2,"41":2,"43":2,"45":2,"46":1,"48":1,"49":1,"50":1}},"/home/travis/build/npmtest/node-npmtest-eventemitter2/example.js":{"path":"/home/travis/build/npmtest/node-npmtest-eventemitter2/example.js","s":{"1":2,"2":2,"3":2,"4":2,"5":2,"6":2,"7":2,"8":1,"9":2,"10":2,"11":2,"12":2,"13":1,"14":2,"15":2,"16":2,"17":2,"18":2,"19":0,"20":2,"21":1,"22":1,"23":1,"24":1,"25":1,"26":0,"27":0,"28":1,"29":1,"30":2,"31":0,"32":0,"33":0,"34":1,"35":2,"36":2,"37":3,"38":3,"39":3,"40":3,"41":0,"42":3,"43":3,"44":3,"45":1,"46":3,"47":1,"48":1,"49":1,"50":1,"51":1,"52":1,"53":1,"54":1,"55":1,"56":1,"57":0,"58":1,"59":6,"60":6,"61":1,"62":2,"63":0,"64":2,"65":1,"66":1,"67":0,"68":0,"69":0,"70":0,"71":0,"72":0,"73":0,"74":0,"75":0,"76":0,"77":0,"78":0,"79":0,"80":0,"81":0,"82":0,"83":0},"b":{"1":[2,1,1,1],"2":[1,1,1,1],"3":[1,1],"4":[2,2],"5":[1,1],"6":[1,1],"7":[2,0],"8":[2,1,1,1,1,1],"9":[0,2,0],"10":[1,1],"11":[2,1,1],"12":[1,0],"13":[0,2],"14":[2,0,0,0,0,0,0],"15":[0,3],"16":[3,0],"17":[1,1],"18":[0,1],"19":[1,2,0,2],"20":[1,0],"21":[1,1],"22":[0,0],"23":[0,0],"24":[0,0],"25":[0,0],"26":[0,0],"27":[0,0],"28":[0,0]},"f":{"1":2,"2":2,"3":2,"4":2,"5":2,"6":2,"7":3,"8":3,"9":3,"10":1,"11":6,"12":0},"fnMap":{"1":{"name":"(anonymous_1)","line":26,"loc":{"start":{"line":26,"column":1},"end":{"line":26,"column":13}}},"2":{"name":"(anonymous_2)","line":33,"loc":{"start":{"line":33,"column":5},"end":{"line":33,"column":17}}},"3":{"name":"(anonymous_3)","line":37,"loc":{"start":{"line":37,"column":24},"end":{"line":37,"column":36}}},"4":{"name":"(anonymous_4)","line":69,"loc":{"start":{"line":69,"column":31},"end":{"line":69,"column":48}},"skip":true},"5":{"name":"(anonymous_5)","line":78,"loc":{"start":{"line":78,"column":26},"end":{"line":78,"column":45}},"skip":true},"6":{"name":"(anonymous_6)","line":123,"loc":{"start":{"line":123,"column":33},"end":{"line":123,"column":48}},"skip":true},"7":{"name":"(anonymous_7)","line":125,"loc":{"start":{"line":125,"column":27},"end":{"line":125,"column":39}},"skip":true},"8":{"name":"(anonymous_8)","line":133,"loc":{"start":{"line":133,"column":59},"end":{"line":133,"column":74}},"skip":true},"9":{"name":"(anonymous_9)","line":143,"loc":{"start":{"line":143,"column":45},"end":{"line":143,"column":62}},"skip":true},"10":{"name":"(anonymous_10)","line":144,"loc":{"start":{"line":144,"column":73},"end":{"line":144,"column":92}},"skip":true},"11":{"name":"(anonymous_11)","line":272,"loc":{"start":{"line":272,"column":51},"end":{"line":272,"column":77}},"skip":true},"12":{"name":"(anonymous_12)","line":315,"loc":{"start":{"line":315,"column":32},"end":{"line":315,"column":61}},"skip":true}},"statementMap":{"1":{"start":{"line":26,"column":0},"end":{"line":326,"column":5}},"2":{"start":{"line":28,"column":4},"end":{"line":28,"column":14}},"3":{"start":{"line":33,"column":4},"end":{"line":60,"column":9}},"4":{"start":{"line":35,"column":8},"end":{"line":35,"column":19}},"5":{"start":{"line":37,"column":8},"end":{"line":49,"column":13}},"6":{"start":{"line":38,"column":12},"end":{"line":48,"column":13}},"7":{"start":{"line":39,"column":16},"end":{"line":42,"column":30}},"8":{"start":{"line":44,"column":16},"end":{"line":47,"column":27}},"9":{"start":{"line":51,"column":8},"end":{"line":53,"column":21}},"10":{"start":{"line":55,"column":8},"end":{"line":57,"column":45}},"11":{"start":{"line":59,"column":8},"end":{"line":59,"column":35}},"12":{"start":{"line":61,"column":4},"end":{"line":325,"column":5}},"13":{"start":{"line":69,"column":8},"end":{"line":121,"column":10},"skip":true},"14":{"start":{"line":70,"column":12},"end":{"line":88,"column":13},"skip":true},"15":{"start":{"line":76,"column":16},"end":{"line":87,"column":19},"skip":true},"16":{"start":{"line":79,"column":20},"end":{"line":86,"column":21},"skip":true},"17":{"start":{"line":82,"column":24},"end":{"line":82,"column":43},"skip":true},"18":{"start":{"line":83,"column":24},"end":{"line":83,"column":30},"skip":true},"19":{"start":{"line":85,"column":24},"end":{"line":85,"column":49},"skip":true},"20":{"start":{"line":89,"column":12},"end":{"line":107,"column":13},"skip":true},"21":{"start":{"line":92,"column":16},"end":{"line":102,"column":17},"skip":true},"22":{"start":{"line":93,"column":20},"end":{"line":93,"column":86},"skip":true},"23":{"start":{"line":94,"column":20},"end":{"line":95,"column":45},"skip":true},"24":{"start":{"line":96,"column":20},"end":{"line":96,"column":42},"skip":true},"25":{"start":{"line":97,"column":20},"end":{"line":97,"column":48},"skip":true},"26":{"start":{"line":100,"column":20},"end":{"line":100,"column":85},"skip":true},"27":{"start":{"line":101,"column":20},"end":{"line":101,"column":96},"skip":true},"28":{"start":{"line":103,"column":16},"end":{"line":103,"column":22},"skip":true},"29":{"start":{"line":106,"column":16},"end":{"line":106,"column":22},"skip":true},"30":{"start":{"line":108,"column":12},"end":{"line":120,"column":13},"skip":true},"31":{"start":{"line":114,"column":16},"end":{"line":119,"column":17},"skip":true},"32":{"start":{"line":116,"column":20},"end":{"line":116,"column":78},"skip":true},"33":{"start":{"line":118,"column":20},"end":{"line":118,"column":47},"skip":true},"34":{"start":{"line":123,"column":8},"end":{"line":141,"column":11},"skip":true},"35":{"start":{"line":124,"column":12},"end":{"line":124,"column":54},"skip":true},"36":{"start":{"line":125,"column":12},"end":{"line":140,"column":14},"skip":true},"37":{"start":{"line":126,"column":16},"end":{"line":126,"column":28},"skip":true},"38":{"start":{"line":127,"column":16},"end":{"line":127,"column":69},"skip":true},"39":{"start":{"line":128,"column":16},"end":{"line":128,"column":75},"skip":true},"40":{"start":{"line":129,"column":16},"end":{"line":131,"column":17},"skip":true},"41":{"start":{"line":130,"column":20},"end":{"line":130,"column":27},"skip":true},"42":{"start":{"line":133,"column":16},"end":{"line":137,"column":36},"skip":true},"43":{"start":{"line":134,"column":20},"end":{"line":136,"column":55},"skip":true},"44":{"start":{"line":139,"column":16},"end":{"line":139,"column":57},"skip":true},"45":{"start":{"line":143,"column":8},"end":{"line":147,"column":11},"skip":true},"46":{"start":{"line":144,"column":12},"end":{"line":146,"column":15},"skip":true},"47":{"start":{"line":145,"column":16},"end":{"line":145,"column":70},"skip":true},"48":{"start":{"line":149,"column":8},"end":{"line":149,"column":31},"skip":true},"49":{"start":{"line":150,"column":8},"end":{"line":150,"column":14},"skip":true},"50":{"start":{"line":158,"column":8},"end":{"line":158,"column":31},"skip":true},"51":{"start":{"line":160,"column":8},"end":{"line":160,"column":33},"skip":true},"52":{"start":{"line":161,"column":8},"end":{"line":161,"column":37},"skip":true},"53":{"start":{"line":162,"column":8},"end":{"line":162,"column":35},"skip":true},"54":{"start":{"line":164,"column":8},"end":{"line":164,"column":50},"skip":true},"55":{"start":{"line":166,"column":8},"end":{"line":256,"column":2},"skip":true},"56":{"start":{"line":258,"column":8},"end":{"line":286,"column":9},"skip":true},"57":{"start":{"line":259,"column":12},"end":{"line":269,"column":14},"skip":true},"58":{"start":{"line":271,"column":12},"end":{"line":285,"column":19},"skip":true},"59":{"start":{"line":274,"column":20},"end":{"line":274,"column":35},"skip":true},"60":{"start":{"line":275,"column":20},"end":{"line":284,"column":21},"skip":true},"61":{"start":{"line":277,"column":24},"end":{"line":277,"column":64},"skip":true},"62":{"start":{"line":279,"column":24},"end":{"line":279,"column":40},"skip":true},"63":{"start":{"line":281,"column":24},"end":{"line":281,"column":40},"skip":true},"64":{"start":{"line":283,"column":24},"end":{"line":283,"column":39},"skip":true},"65":{"start":{"line":288,"column":8},"end":{"line":290,"column":9},"skip":true},"66":{"start":{"line":289,"column":12},"end":{"line":289,"column":18},"skip":true},"67":{"start":{"line":291,"column":8},"end":{"line":293,"column":54},"skip":true},"68":{"start":{"line":296,"column":8},"end":{"line":301,"column":37},"skip":true},"69":{"start":{"line":303,"column":8},"end":{"line":303,"column":82},"skip":true},"70":{"start":{"line":306,"column":8},"end":{"line":308,"column":9},"skip":true},"71":{"start":{"line":307,"column":12},"end":{"line":307,"column":82},"skip":true},"72":{"start":{"line":310,"column":8},"end":{"line":312,"column":9},"skip":true},"73":{"start":{"line":311,"column":12},"end":{"line":311,"column":18},"skip":true},"74":{"start":{"line":313,"column":8},"end":{"line":313,"column":54},"skip":true},"75":{"start":{"line":314,"column":8},"end":{"line":314,"column":69},"skip":true},"76":{"start":{"line":315,"column":8},"end":{"line":323,"column":36},"skip":true},"77":{"start":{"line":316,"column":12},"end":{"line":316,"column":61},"skip":true},"78":{"start":{"line":317,"column":12},"end":{"line":320,"column":13},"skip":true},"79":{"start":{"line":318,"column":16},"end":{"line":318,"column":75},"skip":true},"80":{"start":{"line":319,"column":16},"end":{"line":319,"column":23},"skip":true},"81":{"start":{"line":321,"column":12},"end":{"line":321,"column":38},"skip":true},"82":{"start":{"line":322,"column":12},"end":{"line":322,"column":27},"skip":true},"83":{"start":{"line":324,"column":8},"end":{"line":324,"column":14},"skip":true}},"branchMap":{"1":{"line":39,"type":"binary-expr","locations":[{"start":{"line":39,"column":23},"end":{"line":39,"column":62}},{"start":{"line":40,"column":20},"end":{"line":40,"column":70}},{"start":{"line":41,"column":20},"end":{"line":41,"column":71}},{"start":{"line":42,"column":20},"end":{"line":42,"column":29}}]},"2":{"line":44,"type":"binary-expr","locations":[{"start":{"line":44,"column":23},"end":{"line":44,"column":37}},{"start":{"line":45,"column":20},"end":{"line":45,"column":61}},{"start":{"line":46,"column":20},"end":{"line":46,"column":70}},{"start":{"line":47,"column":20},"end":{"line":47,"column":26}}]},"3":{"line":51,"type":"cond-expr","locations":[{"start":{"line":52,"column":14},"end":{"line":52,"column":20}},{"start":{"line":53,"column":14},"end":{"line":53,"column":20}}]},"4":{"line":55,"type":"binary-expr","locations":[{"start":{"line":55,"column":16},"end":{"line":55,"column":44}},{"start":{"line":55,"column":49},"end":{"line":57,"column":43}}]},"5":{"line":55,"type":"cond-expr","locations":[{"start":{"line":56,"column":14},"end":{"line":56,"column":57}},{"start":{"line":57,"column":14},"end":{"line":57,"column":43}}]},"6":{"line":61,"type":"switch","locations":[{"start":{"line":68,"column":4},"end":{"line":150,"column":14},"skip":true},{"start":{"line":156,"column":4},"end":{"line":324,"column":14},"skip":true}]},"7":{"line":70,"type":"if","locations":[{"start":{"line":70,"column":12},"end":{"line":70,"column":12},"skip":true},{"start":{"line":70,"column":12},"end":{"line":70,"column":12},"skip":true}]},"8":{"line":70,"type":"binary-expr","locations":[{"start":{"line":70,"column":16},"end":{"line":70,"column":22},"skip":true},{"start":{"line":70,"column":27},"end":{"line":70,"column":32},"skip":true},{"start":{"line":71,"column":20},"end":{"line":71,"column":39},"skip":true},{"start":{"line":72,"column":20},"end":{"line":72,"column":49},"skip":true},{"start":{"line":73,"column":20},"end":{"line":73,"column":58},"skip":true},{"start":{"line":74,"column":20},"end":{"line":74,"column":69},"skip":true}]},"9":{"line":79,"type":"switch","locations":[{"start":{"line":80,"column":20},"end":{"line":80,"column":33},"skip":true},{"start":{"line":81,"column":20},"end":{"line":83,"column":30},"skip":true},{"start":{"line":84,"column":20},"end":{"line":85,"column":49},"skip":true}]},"10":{"line":89,"type":"switch","locations":[{"start":{"line":90,"column":12},"end":{"line":103,"column":22},"skip":true},{"start":{"line":105,"column":12},"end":{"line":106,"column":22},"skip":true}]},"11":{"line":89,"type":"binary-expr","locations":[{"start":{"line":89,"column":20},"end":{"line":89,"column":25},"skip":true},{"start":{"line":89,"column":29},"end":{"line":89,"column":48},"skip":true},{"start":{"line":89,"column":52},"end":{"line":89,"column":74},"skip":true}]},"12":{"line":92,"type":"if","locations":[{"start":{"line":92,"column":16},"end":{"line":92,"column":16},"skip":true},{"start":{"line":92,"column":16},"end":{"line":92,"column":16},"skip":true}]},"13":{"line":108,"type":"if","locations":[{"start":{"line":108,"column":12},"end":{"line":108,"column":12},"skip":true},{"start":{"line":108,"column":12},"end":{"line":108,"column":12},"skip":true}]},"14":{"line":108,"type":"binary-expr","locations":[{"start":{"line":108,"column":16},"end":{"line":108,"column":61},"skip":true},{"start":{"line":108,"column":66},"end":{"line":108,"column":72},"skip":true},{"start":{"line":108,"column":77},"end":{"line":108,"column":82},"skip":true},{"start":{"line":109,"column":20},"end":{"line":109,"column":39},"skip":true},{"start":{"line":110,"column":20},"end":{"line":110,"column":49},"skip":true},{"start":{"line":111,"column":20},"end":{"line":111,"column":58},"skip":true},{"start":{"line":112,"column":20},"end":{"line":112,"column":68},"skip":true}]},"15":{"line":129,"type":"if","locations":[{"start":{"line":129,"column":16},"end":{"line":129,"column":16},"skip":true},{"start":{"line":129,"column":16},"end":{"line":129,"column":16},"skip":true}]},"16":{"line":134,"type":"cond-expr","locations":[{"start":{"line":135,"column":26},"end":{"line":135,"column":29},"skip":true},{"start":{"line":136,"column":26},"end":{"line":136,"column":54},"skip":true}]},"17":{"line":164,"type":"binary-expr","locations":[{"start":{"line":164,"column":27},"end":{"line":164,"column":43},"skip":true},{"start":{"line":164,"column":47},"end":{"line":164,"column":49},"skip":true}]},"18":{"line":258,"type":"if","locations":[{"start":{"line":258,"column":8},"end":{"line":258,"column":8},"skip":true},{"start":{"line":258,"column":8},"end":{"line":258,"column":8},"skip":true}]},"19":{"line":275,"type":"switch","locations":[{"start":{"line":276,"column":20},"end":{"line":277,"column":64},"skip":true},{"start":{"line":278,"column":20},"end":{"line":279,"column":40},"skip":true},{"start":{"line":280,"column":20},"end":{"line":281,"column":40},"skip":true},{"start":{"line":282,"column":20},"end":{"line":283,"column":39},"skip":true}]},"20":{"line":288,"type":"if","locations":[{"start":{"line":288,"column":8},"end":{"line":288,"column":8},"skip":true},{"start":{"line":288,"column":8},"end":{"line":288,"column":8},"skip":true}]},"21":{"line":288,"type":"binary-expr","locations":[{"start":{"line":288,"column":12},"end":{"line":288,"column":40},"skip":true},{"start":{"line":288,"column":44},"end":{"line":288,"column":67},"skip":true}]},"22":{"line":292,"type":"binary-expr","locations":[{"start":{"line":292,"column":12},"end":{"line":292,"column":50},"skip":true},{"start":{"line":293,"column":12},"end":{"line":293,"column":53},"skip":true}]},"23":{"line":297,"type":"binary-expr","locations":[{"start":{"line":297,"column":12},"end":{"line":297,"column":71},"skip":true},{"start":{"line":298,"column":12},"end":{"line":301,"column":36},"skip":true}]},"24":{"line":303,"type":"binary-expr","locations":[{"start":{"line":303,"column":43},"end":{"line":303,"column":75},"skip":true},{"start":{"line":303,"column":79},"end":{"line":303,"column":81},"skip":true}]},"25":{"line":306,"type":"if","locations":[{"start":{"line":306,"column":8},"end":{"line":306,"column":8},"skip":true},{"start":{"line":306,"column":8},"end":{"line":306,"column":8},"skip":true}]},"26":{"line":310,"type":"if","locations":[{"start":{"line":310,"column":8},"end":{"line":310,"column":8},"skip":true},{"start":{"line":310,"column":8},"end":{"line":310,"column":8},"skip":true}]},"27":{"line":313,"type":"binary-expr","locations":[{"start":{"line":313,"column":27},"end":{"line":313,"column":43},"skip":true},{"start":{"line":313,"column":47},"end":{"line":313,"column":53},"skip":true}]},"28":{"line":317,"type":"if","locations":[{"start":{"line":317,"column":12},"end":{"line":317,"column":12},"skip":true},{"start":{"line":317,"column":12},"end":{"line":317,"column":12},"skip":true}]}},"code":["/*","example.js","","quickstart example","","instruction","    1. save this script as example.js","    2. run the shell command:","        $ npm install npmtest-eventemitter2 && PORT=8081 node example.js","    3. play with the browser-demo on http://127.0.0.1:8081","*/","","","","/* istanbul instrument in package npmtest_eventemitter2 */","/*jslint","    bitwise: true,","    browser: true,","    maxerr: 8,","    maxlen: 96,","    node: true,","    nomen: true,","    regexp: true,","    stupid: true","*/","(function () {","    'use strict';","    var local;","","","","    // run shared js-env code - pre-init","    (function () {","        // init local","        local = {};","        // init modeJs","        local.modeJs = (function () {","            try {","                return typeof navigator.userAgent === 'string' &&","                    typeof document.querySelector('body') === 'object' &&","                    typeof XMLHttpRequest.prototype.open === 'function' &&","                    'browser';","            } catch (errorCaughtBrowser) {","                return module.exports &&","                    typeof process.versions.node === 'string' &&","                    typeof require('http').createServer === 'function' &&","                    'node';","            }","        }());","        // init global","        local.global = local.modeJs === 'browser'","            ? window","            : global;","        // init utility2_rollup","        local = local.global.utility2_rollup || (local.modeJs === 'browser'","            ? local.global.utility2_npmtest_eventemitter2","            : global.utility2_moduleExports);","        // export local","        local.global.local = local;","    }());","    switch (local.modeJs) {","","","","    // post-init","    // run browser js-env code - post-init","    /* istanbul ignore next */","    case 'browser':","        local.testRunBrowser = function (event) {","            if (!event || (event &&","                    event.currentTarget &&","                    event.currentTarget.className &&","                    event.currentTarget.className.includes &&","                    event.currentTarget.className.includes('onreset'))) {","                // reset output","                Array.from(","                    document.querySelectorAll('body > .resettable')","                ).forEach(function (element) {","                    switch (element.tagName) {","                    case 'INPUT':","                    case 'TEXTAREA':","                        element.value = '';","                        break;","                    default:","                        element.textContent = '';","                    }","                });","            }","            switch (event && event.currentTarget && event.currentTarget.id) {","            case 'testRunButton1':","                // show tests","                if (document.querySelector('#testReportDiv1').style.display === 'none') {","                    document.querySelector('#testReportDiv1').style.display = 'block';","                    document.querySelector('#testRunButton1').textContent =","                        'hide internal test';","                    local.modeTest = true;","                    local.testRunDefault(local);","                // hide tests","                } else {","                    document.querySelector('#testReportDiv1').style.display = 'none';","                    document.querySelector('#testRunButton1').textContent = 'run internal test';","                }","                break;","            // custom-case","            default:","                break;","            }","            if (document.querySelector('#inputTextareaEval1') && (!event || (event &&","                    event.currentTarget &&","                    event.currentTarget.className &&","                    event.currentTarget.className.includes &&","                    event.currentTarget.className.includes('oneval')))) {","                // try to eval input-code","                try {","                    /*jslint evil: true*/","                    eval(document.querySelector('#inputTextareaEval1').value);","                } catch (errorCaught) {","                    console.error(errorCaught);","                }","            }","        };","        // log stderr and stdout to #outputTextareaStdout1","        ['error', 'log'].forEach(function (key) {","            console[key + '_original'] = console[key];","            console[key] = function () {","                var element;","                console[key + '_original'].apply(console, arguments);","                element = document.querySelector('#outputTextareaStdout1');","                if (!element) {","                    return;","                }","                // append text to #outputTextareaStdout1","                element.value += Array.from(arguments).map(function (arg) {","                    return typeof arg === 'string'","                        ? arg","                        : JSON.stringify(arg, null, 4);","                }).join(' ') + '\\n';","                // scroll textarea to bottom","                element.scrollTop = element.scrollHeight;","            };","        });","        // init event-handling","        ['change', 'click', 'keyup'].forEach(function (event) {","            Array.from(document.querySelectorAll('.on' + event)).forEach(function (element) {","                element.addEventListener(event, local.testRunBrowser);","            });","        });","        // run tests","        local.testRunBrowser();","        break;","","","","    // run node js-env code - post-init","    /* istanbul ignore next */","    case 'node':","        // export local","        module.exports = local;","        // require modules","        local.fs = require('fs');","        local.http = require('http');","        local.url = require('url');","        // init assets","        local.assetsDict = local.assetsDict || {};","        /* jslint-ignore-begin */","        local.assetsDict['/assets.index.template.html'] = '\\","<!doctype html>\\n\\","<html lang=\"en\">\\n\\","<head>\\n\\","<meta charset=\"UTF-8\">\\n\\","<meta name=\"viewport\" content=\"width=device-width, initial-scale=1\">\\n\\","<title>{{env.npm_package_name}} (v{{env.npm_package_version}})</title>\\n\\","<style>\\n\\","/*csslint\\n\\","    box-sizing: false,\\n\\","    universal-selector: false\\n\\","*/\\n\\","* {\\n\\","    box-sizing: border-box;\\n\\","}\\n\\","body {\\n\\","    background: #dde;\\n\\","    font-family: Arial, Helvetica, sans-serif;\\n\\","    margin: 2rem;\\n\\","}\\n\\","body > * {\\n\\","    margin-bottom: 1rem;\\n\\","}\\n\\",".utility2FooterDiv {\\n\\","    margin-top: 20px;\\n\\","    text-align: center;\\n\\","}\\n\\","</style>\\n\\","<style>\\n\\","/*csslint\\n\\","*/\\n\\","textarea {\\n\\","    font-family: monospace;\\n\\","    height: 10rem;\\n\\","    width: 100%;\\n\\","}\\n\\","textarea[readonly] {\\n\\","    background: #ddd;\\n\\","}\\n\\","</style>\\n\\","</head>\\n\\","<body>\\n\\","<!-- utility2-comment\\n\\","<div id=\"ajaxProgressDiv1\" style=\"background: #d00; height: 2px; left: 0; margin: 0; padding: 0; position: fixed; top: 0; transition: background 0.5s, width 1.5s; width: 25%;\"></div>\\n\\","utility2-comment -->\\n\\","<h1>\\n\\","<!-- utility2-comment\\n\\","    <a\\n\\","        {{#if env.npm_package_homepage}}\\n\\","        href=\"{{env.npm_package_homepage}}\"\\n\\","        {{/if env.npm_package_homepage}}\\n\\","        target=\"_blank\"\\n\\","    >\\n\\","utility2-comment -->\\n\\","        {{env.npm_package_name}} (v{{env.npm_package_version}})\\n\\","<!-- utility2-comment\\n\\","    </a>\\n\\","utility2-comment -->\\n\\","</h1>\\n\\","<h3>{{env.npm_package_description}}</h3>\\n\\","<!-- utility2-comment\\n\\","<h4><a download href=\"assets.app.js\">download standalone app</a></h4>\\n\\","<button class=\"onclick onreset\" id=\"testRunButton1\">run internal test</button><br>\\n\\","<div id=\"testReportDiv1\" style=\"display: none;\"></div>\\n\\","utility2-comment -->\\n\\","\\n\\","\\n\\","\\n\\","<label>stderr and stdout</label>\\n\\","<textarea class=\"resettable\" id=\"outputTextareaStdout1\" readonly></textarea>\\n\\","<!-- utility2-comment\\n\\","{{#if isRollup}}\\n\\","<script src=\"assets.app.js\"></script>\\n\\","{{#unless isRollup}}\\n\\","utility2-comment -->\\n\\","<script src=\"assets.utility2.rollup.js\"></script>\\n\\","<script src=\"jsonp.utility2._stateInit?callback=window.utility2._stateInit\"></script>\\n\\","<script src=\"assets.npmtest_eventemitter2.rollup.js\"></script>\\n\\","<script src=\"assets.example.js\"></script>\\n\\","<script src=\"assets.test.js\"></script>\\n\\","<!-- utility2-comment\\n\\","{{/if isRollup}}\\n\\","utility2-comment -->\\n\\","<div class=\"utility2FooterDiv\">\\n\\","    [ this app was created with\\n\\","    <a href=\"https://github.com/kaizhu256/node-utility2\" target=\"_blank\">utility2</a>\\n\\","    ]\\n\\","</div>\\n\\","</body>\\n\\","</html>\\n\\","';","        /* jslint-ignore-end */","        if (local.templateRender) {","            local.assetsDict['/'] = local.templateRender(","                local.assetsDict['/assets.index.template.html'],","                {","                    env: local.objectSetDefault(local.env, {","                        npm_package_description: 'the greatest app in the world!',","                        npm_package_name: 'my-app',","                        npm_package_nameAlias: 'my_app',","                        npm_package_version: '0.0.1'","                    })","                }","            );","        } else {","            local.assetsDict['/'] = local.assetsDict['/assets.index.template.html']","                .replace((/\\{\\{env\\.(\\w+?)\\}\\}/g), function (match0, match1) {","                    // jslint-hack","                    String(match0);","                    switch (match1) {","                    case 'npm_package_description':","                        return 'the greatest app in the world!';","                    case 'npm_package_name':","                        return 'my-app';","                    case 'npm_package_nameAlias':","                        return 'my_app';","                    case 'npm_package_version':","                        return '0.0.1';","                    }","                });","        }","        // run the cli","        if (local.global.utility2_rollup || module !== require.main) {","            break;","        }","        local.assetsDict['/assets.example.js'] =","            local.assetsDict['/assets.example.js'] ||","            local.fs.readFileSync(__filename, 'utf8');","        // bug-workaround - long $npm_package_buildCustomOrg","        /* jslint-ignore-begin */","        local.assetsDict['/assets.npmtest_eventemitter2.rollup.js'] =","            local.assetsDict['/assets.npmtest_eventemitter2.rollup.js'] ||","            local.fs.readFileSync(","                local.npmtest_eventemitter2.__dirname + '/lib.npmtest_eventemitter2.js',","                'utf8'","            ).replace((/^#!/), '//');","        /* jslint-ignore-end */","        local.assetsDict['/favicon.ico'] = local.assetsDict['/favicon.ico'] || '';","        // if $npm_config_timeout_exit exists,","        // then exit this process after $npm_config_timeout_exit ms","        if (Number(process.env.npm_config_timeout_exit)) {","            setTimeout(process.exit, Number(process.env.npm_config_timeout_exit));","        }","        // start server","        if (local.global.utility2_serverHttp1) {","            break;","        }","        process.env.PORT = process.env.PORT || '8081';","        console.error('server starting on port ' + process.env.PORT);","        local.http.createServer(function (request, response) {","            request.urlParsed = local.url.parse(request.url);","            if (local.assetsDict[request.urlParsed.pathname] !== undefined) {","                response.end(local.assetsDict[request.urlParsed.pathname]);","                return;","            }","            response.statusCode = 404;","            response.end();","        }).listen(process.env.PORT);","        break;","    }","}());",""],"l":{"26":2,"28":2,"33":2,"35":2,"37":2,"38":2,"39":2,"44":1,"51":2,"55":2,"59":2,"61":2,"69":1,"70":2,"76":2,"79":2,"82":2,"83":2,"85":1,"89":2,"92":1,"93":1,"94":1,"96":1,"97":1,"100":1,"101":1,"103":1,"106":1,"108":2,"114":1,"116":1,"118":1,"123":1,"124":2,"125":2,"126":3,"127":3,"128":3,"129":3,"130":1,"133":3,"134":3,"139":3,"143":1,"144":3,"145":1,"149":1,"150":1,"158":1,"160":1,"161":1,"162":1,"164":1,"166":1,"258":1,"259":1,"271":1,"274":6,"275":6,"277":1,"279":2,"281":1,"283":2,"288":1,"289":1,"291":1,"296":1,"303":1,"306":1,"307":1,"310":1,"311":1,"313":1,"314":1,"315":1,"316":1,"317":1,"318":1,"319":1,"321":1,"322":1,"324":1}},"/home/travis/build/npmtest/node-npmtest-eventemitter2/node_modules/eventemitter2/lib/eventemitter2.js":{"path":"/home/travis/build/npmtest/node-npmtest-eventemitter2/node_modules/eventemitter2/lib/eventemitter2.js","s":{"1":1,"2":1,"3":0,"4":1,"5":1,"6":0,"7":0,"8":0,"9":1,"10":0,"11":0,"12":0,"13":0,"14":0,"15":0,"16":0,"17":0,"18":0,"19":0,"20":1,"21":0,"22":0,"23":0,"24":0,"25":0,"26":0,"27":0,"28":0,"29":0,"30":0,"31":0,"32":0,"33":1,"34":0,"35":0,"36":0,"37":0,"38":1,"39":1,"40":0,"41":0,"42":0,"43":0,"44":0,"45":0,"46":0,"47":0,"48":0,"49":0,"50":0,"51":0,"52":0,"53":0,"54":0,"55":0,"56":0,"57":0,"58":0,"59":0,"60":0,"61":0,"62":0,"63":0,"64":0,"65":0,"66":0,"67":0,"68":0,"69":0,"70":0,"71":0,"72":0,"73":0,"74":0,"75":0,"76":0,"77":0,"78":0,"79":0,"80":0,"81":0,"82":0,"83":0,"84":0,"85":0,"86":0,"87":0,"88":0,"89":0,"90":0,"91":0,"92":0,"93":1,"94":0,"95":0,"96":0,"97":0,"98":0,"99":0,"100":0,"101":0,"102":0,"103":0,"104":0,"105":0,"106":0,"107":0,"108":0,"109":0,"110":0,"111":0,"112":0,"113":0,"114":0,"115":0,"116":1,"117":1,"118":0,"119":0,"120":0,"121":0,"122":0,"123":1,"124":1,"125":0,"126":1,"127":0,"128":1,"129":0,"130":0,"131":1,"132":0,"133":1,"134":0,"135":1,"136":0,"137":0,"138":0,"139":1,"140":0,"141":0,"142":0,"143":0,"144":0,"145":0,"146":1,"147":0,"148":0,"149":0,"150":0,"151":0,"152":0,"153":0,"154":0,"155":0,"156":0,"157":0,"158":0,"159":0,"160":0,"161":0,"162":0,"163":0,"164":0,"165":0,"166":0,"167":0,"168":0,"169":0,"170":0,"171":0,"172":0,"173":0,"174":0,"175":0,"176":0,"177":0,"178":0,"179":0,"180":0,"181":0,"182":0,"183":0,"184":0,"185":0,"186":0,"187":0,"188":0,"189":0,"190":0,"191":0,"192":0,"193":0,"194":0,"195":0,"196":0,"197":0,"198":0,"199":0,"200":0,"201":0,"202":0,"203":0,"204":0,"205":0,"206":0,"207":0,"208":0,"209":0,"210":0,"211":0,"212":0,"213":0,"214":1,"215":0,"216":0,"217":0,"218":0,"219":0,"220":0,"221":0,"222":0,"223":0,"224":0,"225":0,"226":0,"227":0,"228":0,"229":0,"230":0,"231":0,"232":0,"233":0,"234":0,"235":0,"236":0,"237":0,"238":0,"239":0,"240":0,"241":0,"242":0,"243":0,"244":0,"245":0,"246":0,"247":0,"248":0,"249":0,"250":0,"251":0,"252":0,"253":0,"254":0,"255":0,"256":0,"257":0,"258":0,"259":0,"260":0,"261":0,"262":0,"263":0,"264":0,"265":0,"266":0,"267":0,"268":0,"269":0,"270":0,"271":0,"272":0,"273":0,"274":0,"275":0,"276":0,"277":0,"278":1,"279":0,"280":1,"281":0,"282":1,"283":0,"284":1,"285":0,"286":1,"287":1,"288":0,"289":0,"290":0,"291":0,"292":0,"293":0,"294":0,"295":0,"296":1,"297":0,"298":0,"299":0,"300":0,"301":0,"302":0,"303":0,"304":0,"305":0,"306":0,"307":0,"308":0,"309":0,"310":0,"311":0,"312":0,"313":0,"314":0,"315":0,"316":0,"317":0,"318":1,"319":0,"320":0,"321":0,"322":0,"323":0,"324":0,"325":0,"326":0,"327":0,"328":0,"329":0,"330":0,"331":0,"332":0,"333":0,"334":0,"335":0,"336":0,"337":0,"338":0,"339":0,"340":0,"341":0,"342":0,"343":0,"344":0,"345":0,"346":0,"347":0,"348":0,"349":0,"350":0,"351":0,"352":0,"353":0,"354":1,"355":0,"356":0,"357":0,"358":0,"359":0,"360":0,"361":0,"362":0,"363":0,"364":0,"365":0,"366":0,"367":0,"368":0,"369":1,"370":0,"371":0,"372":0,"373":0,"374":0,"375":0,"376":0,"377":0,"378":0,"379":0,"380":0,"381":0,"382":0,"383":1,"384":1,"385":0,"386":0,"387":0,"388":0,"389":0,"390":0,"391":0,"392":0,"393":0,"394":0,"395":0,"396":0,"397":1,"398":0,"399":0,"400":0,"401":0,"402":0,"403":0,"404":0,"405":0,"406":0,"407":0,"408":0,"409":1,"410":0,"411":1,"412":0,"413":1,"414":0,"415":0,"416":0,"417":1,"418":0,"419":0,"420":1,"421":1,"422":0},"b":{"1":[1,0],"2":[0,0],"3":[0,0],"4":[0,0],"5":[0,0],"6":[0,0],"7":[0,0],"8":[0,0],"9":[0,0],"10":[0,0],"11":[0,0],"12":[0,0],"13":[0,0],"14":[0,0],"15":[0,0],"16":[0,0],"17":[0,0],"18":[0,0],"19":[0,0],"20":[0,0],"21":[0,0,0],"22":[0,0],"23":[0,0],"24":[0,0],"25":[0,0],"26":[0,0,0],"27":[0,0],"28":[0,0],"29":[0,0],"30":[0,0],"31":[0,0],"32":[0,0],"33":[0,0],"34":[0,0],"35":[0,0],"36":[0,0],"37":[0,0],"38":[0,0],"39":[0,0],"40":[0,0],"41":[0,0],"42":[0,0],"43":[0,0],"44":[0,0],"45":[0,0],"46":[0,0],"47":[0,0],"48":[0,0],"49":[0,0],"50":[0,0],"51":[0,0],"52":[0,0],"53":[0,0],"54":[0,0],"55":[0,0,0],"56":[0,0],"57":[0,0],"58":[0,0],"59":[0,0],"60":[0,0],"61":[0,0],"62":[0,0],"63":[0,0],"64":[0,0],"65":[0,0],"66":[0,0],"67":[0,0,0,0],"68":[0,0],"69":[0,0],"70":[0,0],"71":[0,0,0,0],"72":[0,0],"73":[0,0],"74":[0,0],"75":[0,0],"76":[0,0,0,0],"77":[0,0],"78":[0,0],"79":[0,0],"80":[0,0],"81":[0,0],"82":[0,0],"83":[0,0],"84":[0,0],"85":[0,0],"86":[0,0,0,0],"87":[0,0],"88":[0,0],"89":[0,0],"90":[0,0,0,0],"91":[0,0],"92":[0,0],"93":[0,0],"94":[0,0,0,0],"95":[0,0],"96":[0,0],"97":[0,0],"98":[0,0],"99":[0,0],"100":[0,0],"101":[0,0],"102":[0,0],"103":[0,0],"104":[0,0],"105":[0,0],"106":[0,0],"107":[0,0],"108":[0,0],"109":[0,0,0],"110":[0,0],"111":[0,0],"112":[0,0],"113":[0,0],"114":[0,0],"115":[0,0],"116":[0,0,0,0,0],"117":[0,0],"118":[0,0],"119":[0,0],"120":[0,0],"121":[0,0],"122":[0,0,0,0,0],"123":[0,0],"124":[0,0],"125":[0,0],"126":[0,0,0],"127":[0,0],"128":[0,0],"129":[0,0],"130":[0,0,0],"131":[0,0],"132":[0,0],"133":[0,0],"134":[0,0],"135":[0,0],"136":[0,0],"137":[0,0],"138":[0,0],"139":[0,0],"140":[0,0],"141":[0,0],"142":[0,0],"143":[0,1],"144":[1,0],"145":[1,0]},"f":{"1":1,"2":0,"3":0,"4":0,"5":0,"6":0,"7":0,"8":0,"9":0,"10":0,"11":0,"12":0,"13":0,"14":0,"15":0,"16":0,"17":0,"18":0,"19":0,"20":0,"21":0,"22":0,"23":0,"24":0,"25":0,"26":0,"27":0,"28":0,"29":0,"30":0,"31":0,"32":0,"33":0},"fnMap":{"1":{"name":"(anonymous_1)","line":8,"loc":{"start":{"line":8,"column":2},"end":{"line":8,"column":22}}},"2":{"name":"_isArray","line":10,"loc":{"start":{"line":10,"column":48},"end":{"line":10,"column":71}}},"3":{"name":"init","line":15,"loc":{"start":{"line":15,"column":2},"end":{"line":15,"column":18}}},"4":{"name":"configure","line":22,"loc":{"start":{"line":22,"column":2},"end":{"line":22,"column":27}}},"5":{"name":"logPossibleMemoryLeak","line":41,"loc":{"start":{"line":41,"column":2},"end":{"line":41,"column":51}}},"6":{"name":"EventEmitter","line":65,"loc":{"start":{"line":65,"column":2},"end":{"line":65,"column":30}}},"7":{"name":"searchListenerTree","line":78,"loc":{"start":{"line":78,"column":2},"end":{"line":78,"column":55}}},"8":{"name":"growListenerTree","line":184,"loc":{"start":{"line":184,"column":2},"end":{"line":184,"column":44}}},"9":{"name":"(anonymous_9)","line":245,"loc":{"start":{"line":245,"column":43},"end":{"line":245,"column":55}}},"10":{"name":"(anonymous_10)","line":256,"loc":{"start":{"line":256,"column":32},"end":{"line":256,"column":52}}},"11":{"name":"(anonymous_11)","line":260,"loc":{"start":{"line":260,"column":47},"end":{"line":260,"column":67}}},"12":{"name":"(anonymous_12)","line":264,"loc":{"start":{"line":264,"column":33},"end":{"line":264,"column":62}}},"13":{"name":"(anonymous_13)","line":269,"loc":{"start":{"line":269,"column":32},"end":{"line":269,"column":57}}},"14":{"name":"(anonymous_14)","line":273,"loc":{"start":{"line":273,"column":39},"end":{"line":273,"column":64}}},"15":{"name":"(anonymous_15)","line":277,"loc":{"start":{"line":277,"column":33},"end":{"line":277,"column":67}}},"16":{"name":"listener","line":284,"loc":{"start":{"line":284,"column":4},"end":{"line":284,"column":24}}},"17":{"name":"(anonymous_17)","line":298,"loc":{"start":{"line":298,"column":32},"end":{"line":298,"column":43}}},"18":{"name":"(anonymous_18)","line":404,"loc":{"start":{"line":404,"column":37},"end":{"line":404,"column":48}}},"19":{"name":"(anonymous_19)","line":501,"loc":{"start":{"line":501,"column":30},"end":{"line":501,"column":55}}},"20":{"name":"(anonymous_20)","line":505,"loc":{"start":{"line":505,"column":43},"end":{"line":505,"column":68}}},"21":{"name":"(anonymous_21)","line":509,"loc":{"start":{"line":509,"column":33},"end":{"line":509,"column":46}}},"22":{"name":"(anonymous_22)","line":513,"loc":{"start":{"line":513,"column":38},"end":{"line":513,"column":51}}},"23":{"name":"(anonymous_23)","line":519,"loc":{"start":{"line":519,"column":34},"end":{"line":519,"column":55}}},"24":{"name":"(anonymous_24)","line":538,"loc":{"start":{"line":538,"column":31},"end":{"line":538,"column":65}}},"25":{"name":"(anonymous_25)","line":589,"loc":{"start":{"line":589,"column":31},"end":{"line":589,"column":56}}},"26":{"name":"recursivelyGarbageCollect","line":661,"loc":{"start":{"line":661,"column":4},"end":{"line":661,"column":45}}},"27":{"name":"(anonymous_27)","line":684,"loc":{"start":{"line":684,"column":34},"end":{"line":684,"column":47}}},"28":{"name":"(anonymous_28)","line":706,"loc":{"start":{"line":706,"column":46},"end":{"line":706,"column":61}}},"29":{"name":"(anonymous_29)","line":727,"loc":{"start":{"line":727,"column":37},"end":{"line":727,"column":52}}},"30":{"name":"(anonymous_30)","line":744,"loc":{"start":{"line":744,"column":38},"end":{"line":744,"column":48}}},"31":{"name":"(anonymous_31)","line":748,"loc":{"start":{"line":748,"column":41},"end":{"line":748,"column":56}}},"32":{"name":"(anonymous_32)","line":752,"loc":{"start":{"line":752,"column":40},"end":{"line":752,"column":51}}},"33":{"name":"(anonymous_33)","line":765,"loc":{"start":{"line":765,"column":11},"end":{"line":765,"column":22}}}},"statementMap":{"1":{"start":{"line":8,"column":1},"end":{"line":776,"column":4}},"2":{"start":{"line":10,"column":2},"end":{"line":12,"column":4}},"3":{"start":{"line":11,"column":4},"end":{"line":11,"column":68}},"4":{"start":{"line":13,"column":2},"end":{"line":13,"column":31}},"5":{"start":{"line":15,"column":2},"end":{"line":20,"column":3}},"6":{"start":{"line":16,"column":4},"end":{"line":16,"column":22}},"7":{"start":{"line":17,"column":4},"end":{"line":19,"column":5}},"8":{"start":{"line":18,"column":6},"end":{"line":18,"column":39}},"9":{"start":{"line":22,"column":2},"end":{"line":39,"column":3}},"10":{"start":{"line":23,"column":4},"end":{"line":38,"column":5}},"11":{"start":{"line":24,"column":6},"end":{"line":24,"column":24}},"12":{"start":{"line":26,"column":6},"end":{"line":26,"column":58}},"13":{"start":{"line":27,"column":6},"end":{"line":27,"column":101}},"14":{"start":{"line":29,"column":6},"end":{"line":29,"column":55}},"15":{"start":{"line":30,"column":6},"end":{"line":30,"column":64}},"16":{"start":{"line":31,"column":6},"end":{"line":31,"column":82}},"17":{"start":{"line":33,"column":6},"end":{"line":35,"column":7}},"18":{"start":{"line":34,"column":8},"end":{"line":34,"column":31}},"19":{"start":{"line":37,"column":6},"end":{"line":37,"column":47}},"20":{"start":{"line":41,"column":2},"end":{"line":63,"column":3}},"21":{"start":{"line":42,"column":4},"end":{"line":44,"column":59}},"22":{"start":{"line":46,"column":4},"end":{"line":48,"column":5}},"23":{"start":{"line":47,"column":6},"end":{"line":47,"column":52}},"24":{"start":{"line":50,"column":4},"end":{"line":62,"column":5}},"25":{"start":{"line":51,"column":6},"end":{"line":51,"column":34}},"26":{"start":{"line":52,"column":6},"end":{"line":52,"column":45}},"27":{"start":{"line":53,"column":6},"end":{"line":53,"column":23}},"28":{"start":{"line":54,"column":6},"end":{"line":54,"column":22}},"29":{"start":{"line":55,"column":6},"end":{"line":55,"column":29}},"30":{"start":{"line":57,"column":6},"end":{"line":57,"column":30}},"31":{"start":{"line":59,"column":6},"end":{"line":61,"column":7}},"32":{"start":{"line":60,"column":8},"end":{"line":60,"column":24}},"33":{"start":{"line":65,"column":2},"end":{"line":70,"column":3}},"34":{"start":{"line":66,"column":4},"end":{"line":66,"column":22}},"35":{"start":{"line":67,"column":4},"end":{"line":67,"column":29}},"36":{"start":{"line":68,"column":4},"end":{"line":68,"column":35}},"37":{"start":{"line":69,"column":4},"end":{"line":69,"column":31}},"38":{"start":{"line":71,"column":2},"end":{"line":71,"column":44}},"39":{"start":{"line":78,"column":2},"end":{"line":182,"column":3}},"40":{"start":{"line":79,"column":4},"end":{"line":81,"column":5}},"41":{"start":{"line":80,"column":6},"end":{"line":80,"column":16}},"42":{"start":{"line":82,"column":4},"end":{"line":83,"column":78}},"43":{"start":{"line":84,"column":4},"end":{"line":98,"column":5}},"44":{"start":{"line":89,"column":6},"end":{"line":97,"column":7}},"45":{"start":{"line":90,"column":8},"end":{"line":90,"column":51}},"46":{"start":{"line":91,"column":8},"end":{"line":91,"column":22}},"47":{"start":{"line":93,"column":8},"end":{"line":95,"column":9}},"48":{"start":{"line":94,"column":10},"end":{"line":94,"column":59}},"49":{"start":{"line":96,"column":8},"end":{"line":96,"column":22}},"50":{"start":{"line":100,"column":4},"end":{"line":138,"column":5}},"51":{"start":{"line":105,"column":6},"end":{"line":135,"column":7}},"52":{"start":{"line":106,"column":8},"end":{"line":110,"column":9}},"53":{"start":{"line":107,"column":10},"end":{"line":109,"column":11}},"54":{"start":{"line":108,"column":12},"end":{"line":108,"column":96}},"55":{"start":{"line":111,"column":8},"end":{"line":111,"column":25}},"56":{"start":{"line":112,"column":13},"end":{"line":135,"column":7}},"57":{"start":{"line":113,"column":8},"end":{"line":113,"column":86}},"58":{"start":{"line":114,"column":8},"end":{"line":117,"column":9}},"59":{"start":{"line":116,"column":10},"end":{"line":116,"column":93}},"60":{"start":{"line":119,"column":8},"end":{"line":133,"column":9}},"61":{"start":{"line":120,"column":10},"end":{"line":132,"column":11}},"62":{"start":{"line":121,"column":12},"end":{"line":131,"column":13}},"63":{"start":{"line":122,"column":14},"end":{"line":124,"column":15}},"64":{"start":{"line":123,"column":16},"end":{"line":123,"column":107}},"65":{"start":{"line":125,"column":14},"end":{"line":125,"column":96}},"66":{"start":{"line":126,"column":19},"end":{"line":131,"column":13}},"67":{"start":{"line":127,"column":14},"end":{"line":127,"column":98}},"68":{"start":{"line":130,"column":14},"end":{"line":130,"column":96}},"69":{"start":{"line":134,"column":8},"end":{"line":134,"column":25}},"70":{"start":{"line":137,"column":6},"end":{"line":137,"column":95}},"71":{"start":{"line":140,"column":4},"end":{"line":140,"column":22}},"72":{"start":{"line":141,"column":4},"end":{"line":147,"column":5}},"73":{"start":{"line":146,"column":6},"end":{"line":146,"column":53}},"74":{"start":{"line":149,"column":4},"end":{"line":149,"column":24}},"75":{"start":{"line":150,"column":4},"end":{"line":179,"column":5}},"76":{"start":{"line":151,"column":6},"end":{"line":178,"column":7}},"77":{"start":{"line":152,"column":8},"end":{"line":155,"column":9}},"78":{"start":{"line":154,"column":10},"end":{"line":154,"column":65}},"79":{"start":{"line":158,"column":8},"end":{"line":172,"column":9}},"80":{"start":{"line":159,"column":10},"end":{"line":171,"column":11}},"81":{"start":{"line":160,"column":12},"end":{"line":170,"column":13}},"82":{"start":{"line":162,"column":14},"end":{"line":162,"column":70}},"83":{"start":{"line":163,"column":19},"end":{"line":170,"column":13}},"84":{"start":{"line":165,"column":14},"end":{"line":165,"column":70}},"85":{"start":{"line":167,"column":14},"end":{"line":167,"column":34}},"86":{"start":{"line":168,"column":14},"end":{"line":168,"column":54}},"87":{"start":{"line":169,"column":14},"end":{"line":169,"column":80}},"88":{"start":{"line":173,"column":13},"end":{"line":178,"column":7}},"89":{"start":{"line":175,"column":8},"end":{"line":175,"column":63}},"90":{"start":{"line":176,"column":13},"end":{"line":178,"column":7}},"91":{"start":{"line":177,"column":8},"end":{"line":177,"column":68}},"92":{"start":{"line":181,"column":4},"end":{"line":181,"column":21}},"93":{"start":{"line":184,"column":2},"end":{"line":234,"column":3}},"94":{"start":{"line":186,"column":4},"end":{"line":186,"column":80}},"95":{"start":{"line":191,"column":4},"end":{"line":195,"column":5}},"96":{"start":{"line":192,"column":6},"end":{"line":194,"column":7}},"97":{"start":{"line":193,"column":8},"end":{"line":193,"column":15}},"98":{"start":{"line":197,"column":4},"end":{"line":197,"column":33}},"99":{"start":{"line":198,"column":4},"end":{"line":198,"column":28}},"100":{"start":{"line":200,"column":4},"end":{"line":232,"column":5}},"101":{"start":{"line":202,"column":6},"end":{"line":204,"column":7}},"102":{"start":{"line":203,"column":8},"end":{"line":203,"column":24}},"103":{"start":{"line":206,"column":6},"end":{"line":206,"column":24}},"104":{"start":{"line":208,"column":6},"end":{"line":230,"column":7}},"105":{"start":{"line":210,"column":8},"end":{"line":228,"column":9}},"106":{"start":{"line":211,"column":10},"end":{"line":211,"column":37}},"107":{"start":{"line":214,"column":10},"end":{"line":216,"column":11}},"108":{"start":{"line":215,"column":12},"end":{"line":215,"column":48}},"109":{"start":{"line":218,"column":10},"end":{"line":218,"column":41}},"110":{"start":{"line":220,"column":10},"end":{"line":227,"column":11}},"111":{"start":{"line":225,"column":12},"end":{"line":225,"column":42}},"112":{"start":{"line":226,"column":12},"end":{"line":226,"column":75}},"113":{"start":{"line":229,"column":8},"end":{"line":229,"column":20}},"114":{"start":{"line":231,"column":6},"end":{"line":231,"column":26}},"115":{"start":{"line":233,"column":4},"end":{"line":233,"column":16}},"116":{"start":{"line":243,"column":2},"end":{"line":243,"column":41}},"117":{"start":{"line":245,"column":2},"end":{"line":251,"column":4}},"118":{"start":{"line":246,"column":4},"end":{"line":250,"column":5}},"119":{"start":{"line":247,"column":6},"end":{"line":247,"column":29}},"120":{"start":{"line":248,"column":6},"end":{"line":248,"column":39}},"121":{"start":{"line":248,"column":23},"end":{"line":248,"column":39}},"122":{"start":{"line":249,"column":6},"end":{"line":249,"column":34}},"123":{"start":{"line":253,"column":2},"end":{"line":253,"column":36}},"124":{"start":{"line":256,"column":2},"end":{"line":258,"column":4}},"125":{"start":{"line":257,"column":4},"end":{"line":257,"column":40}},"126":{"start":{"line":260,"column":2},"end":{"line":262,"column":4}},"127":{"start":{"line":261,"column":4},"end":{"line":261,"column":39}},"128":{"start":{"line":264,"column":2},"end":{"line":267,"column":4}},"129":{"start":{"line":265,"column":4},"end":{"line":265,"column":38}},"130":{"start":{"line":266,"column":4},"end":{"line":266,"column":16}},"131":{"start":{"line":269,"column":2},"end":{"line":271,"column":3}},"132":{"start":{"line":270,"column":4},"end":{"line":270,"column":45}},"133":{"start":{"line":273,"column":2},"end":{"line":275,"column":3}},"134":{"start":{"line":274,"column":4},"end":{"line":274,"column":44}},"135":{"start":{"line":277,"column":2},"end":{"line":296,"column":4}},"136":{"start":{"line":278,"column":4},"end":{"line":278,"column":20}},"137":{"start":{"line":280,"column":4},"end":{"line":282,"column":5}},"138":{"start":{"line":281,"column":6},"end":{"line":281,"column":65}},"139":{"start":{"line":284,"column":4},"end":{"line":289,"column":5}},"140":{"start":{"line":285,"column":6},"end":{"line":287,"column":7}},"141":{"start":{"line":286,"column":8},"end":{"line":286,"column":34}},"142":{"start":{"line":288,"column":6},"end":{"line":288,"column":39}},"143":{"start":{"line":291,"column":4},"end":{"line":291,"column":26}},"144":{"start":{"line":293,"column":4},"end":{"line":293,"column":39}},"145":{"start":{"line":295,"column":4},"end":{"line":295,"column":16}},"146":{"start":{"line":298,"column":2},"end":{"line":402,"column":4}},"147":{"start":{"line":300,"column":4},"end":{"line":300,"column":36}},"148":{"start":{"line":302,"column":4},"end":{"line":302,"column":28}},"149":{"start":{"line":304,"column":4},"end":{"line":308,"column":5}},"150":{"start":{"line":305,"column":6},"end":{"line":307,"column":7}},"151":{"start":{"line":306,"column":8},"end":{"line":306,"column":21}},"152":{"start":{"line":310,"column":4},"end":{"line":310,"column":30}},"153":{"start":{"line":311,"column":4},"end":{"line":311,"column":19}},"154":{"start":{"line":312,"column":4},"end":{"line":312,"column":16}},"155":{"start":{"line":314,"column":4},"end":{"line":337,"column":5}},"156":{"start":{"line":315,"column":6},"end":{"line":315,"column":34}},"157":{"start":{"line":316,"column":6},"end":{"line":319,"column":7}},"158":{"start":{"line":317,"column":8},"end":{"line":317,"column":29}},"159":{"start":{"line":318,"column":8},"end":{"line":318,"column":56}},"160":{"start":{"line":318,"column":33},"end":{"line":318,"column":56}},"161":{"start":{"line":321,"column":6},"end":{"line":336,"column":7}},"162":{"start":{"line":322,"column":8},"end":{"line":322,"column":26}},"163":{"start":{"line":323,"column":8},"end":{"line":335,"column":9}},"164":{"start":{"line":325,"column":10},"end":{"line":325,"column":38}},"165":{"start":{"line":326,"column":10},"end":{"line":326,"column":16}},"166":{"start":{"line":328,"column":10},"end":{"line":328,"column":52}},"167":{"start":{"line":329,"column":10},"end":{"line":329,"column":16}},"168":{"start":{"line":331,"column":10},"end":{"line":331,"column":66}},"169":{"start":{"line":332,"column":10},"end":{"line":332,"column":16}},"170":{"start":{"line":334,"column":10},"end":{"line":334,"column":39}},"171":{"start":{"line":339,"column":4},"end":{"line":368,"column":5}},"172":{"start":{"line":340,"column":6},"end":{"line":340,"column":19}},"173":{"start":{"line":341,"column":6},"end":{"line":341,"column":84}},"174":{"start":{"line":342,"column":6},"end":{"line":342,"column":71}},"175":{"start":{"line":344,"column":6},"end":{"line":344,"column":35}},"176":{"start":{"line":345,"column":6},"end":{"line":367,"column":7}},"177":{"start":{"line":346,"column":8},"end":{"line":346,"column":26}},"178":{"start":{"line":347,"column":8},"end":{"line":361,"column":9}},"179":{"start":{"line":349,"column":10},"end":{"line":349,"column":29}},"180":{"start":{"line":350,"column":10},"end":{"line":350,"column":16}},"181":{"start":{"line":352,"column":10},"end":{"line":352,"column":43}},"182":{"start":{"line":353,"column":10},"end":{"line":353,"column":16}},"183":{"start":{"line":355,"column":10},"end":{"line":355,"column":57}},"184":{"start":{"line":356,"column":10},"end":{"line":356,"column":16}},"185":{"start":{"line":358,"column":10},"end":{"line":358,"column":35}},"186":{"start":{"line":359,"column":10},"end":{"line":359,"column":62}},"187":{"start":{"line":359,"column":35},"end":{"line":359,"column":62}},"188":{"start":{"line":360,"column":10},"end":{"line":360,"column":36}},"189":{"start":{"line":362,"column":8},"end":{"line":362,"column":20}},"190":{"start":{"line":363,"column":13},"end":{"line":367,"column":7}},"191":{"start":{"line":366,"column":8},"end":{"line":366,"column":34}},"192":{"start":{"line":370,"column":4},"end":{"line":399,"column":5}},"193":{"start":{"line":371,"column":6},"end":{"line":374,"column":7}},"194":{"start":{"line":372,"column":8},"end":{"line":372,"column":33}},"195":{"start":{"line":373,"column":8},"end":{"line":373,"column":60}},"196":{"start":{"line":373,"column":33},"end":{"line":373,"column":60}},"197":{"start":{"line":375,"column":6},"end":{"line":390,"column":7}},"198":{"start":{"line":376,"column":8},"end":{"line":376,"column":26}},"199":{"start":{"line":377,"column":8},"end":{"line":389,"column":9}},"200":{"start":{"line":379,"column":10},"end":{"line":379,"column":32}},"201":{"start":{"line":380,"column":10},"end":{"line":380,"column":16}},"202":{"start":{"line":382,"column":10},"end":{"line":382,"column":46}},"203":{"start":{"line":383,"column":10},"end":{"line":383,"column":16}},"204":{"start":{"line":385,"column":10},"end":{"line":385,"column":60}},"205":{"start":{"line":386,"column":10},"end":{"line":386,"column":16}},"206":{"start":{"line":388,"column":10},"end":{"line":388,"column":39}},"207":{"start":{"line":391,"column":6},"end":{"line":391,"column":18}},"208":{"start":{"line":392,"column":11},"end":{"line":399,"column":5}},"209":{"start":{"line":393,"column":6},"end":{"line":397,"column":7}},"210":{"start":{"line":394,"column":8},"end":{"line":394,"column":27}},"211":{"start":{"line":396,"column":8},"end":{"line":396,"column":64}},"212":{"start":{"line":398,"column":6},"end":{"line":398,"column":19}},"213":{"start":{"line":401,"column":4},"end":{"line":401,"column":23}},"214":{"start":{"line":404,"column":2},"end":{"line":499,"column":4}},"215":{"start":{"line":406,"column":4},"end":{"line":406,"column":36}},"216":{"start":{"line":408,"column":4},"end":{"line":408,"column":28}},"217":{"start":{"line":410,"column":4},"end":{"line":412,"column":5}},"218":{"start":{"line":411,"column":8},"end":{"line":411,"column":75}},"219":{"start":{"line":411,"column":41},"end":{"line":411,"column":73}},"220":{"start":{"line":414,"column":4},"end":{"line":414,"column":21}},"221":{"start":{"line":416,"column":4},"end":{"line":416,"column":30}},"222":{"start":{"line":417,"column":4},"end":{"line":417,"column":19}},"223":{"start":{"line":418,"column":4},"end":{"line":418,"column":16}},"224":{"start":{"line":420,"column":4},"end":{"line":441,"column":5}},"225":{"start":{"line":421,"column":6},"end":{"line":424,"column":7}},"226":{"start":{"line":422,"column":8},"end":{"line":422,"column":29}},"227":{"start":{"line":423,"column":8},"end":{"line":423,"column":56}},"228":{"start":{"line":423,"column":33},"end":{"line":423,"column":56}},"229":{"start":{"line":425,"column":6},"end":{"line":440,"column":7}},"230":{"start":{"line":426,"column":8},"end":{"line":426,"column":26}},"231":{"start":{"line":427,"column":8},"end":{"line":439,"column":9}},"232":{"start":{"line":429,"column":10},"end":{"line":429,"column":55}},"233":{"start":{"line":430,"column":10},"end":{"line":430,"column":16}},"234":{"start":{"line":432,"column":10},"end":{"line":432,"column":69}},"235":{"start":{"line":433,"column":10},"end":{"line":433,"column":16}},"236":{"start":{"line":435,"column":10},"end":{"line":435,"column":83}},"237":{"start":{"line":436,"column":10},"end":{"line":436,"column":16}},"238":{"start":{"line":438,"column":10},"end":{"line":438,"column":56}},"239":{"start":{"line":443,"column":4},"end":{"line":449,"column":5}},"240":{"start":{"line":444,"column":6},"end":{"line":444,"column":19}},"241":{"start":{"line":445,"column":6},"end":{"line":445,"column":84}},"242":{"start":{"line":446,"column":6},"end":{"line":446,"column":71}},"243":{"start":{"line":448,"column":6},"end":{"line":448,"column":35}},"244":{"start":{"line":451,"column":4},"end":{"line":496,"column":5}},"245":{"start":{"line":452,"column":6},"end":{"line":452,"column":24}},"246":{"start":{"line":453,"column":6},"end":{"line":467,"column":7}},"247":{"start":{"line":455,"column":8},"end":{"line":455,"column":42}},"248":{"start":{"line":456,"column":8},"end":{"line":456,"column":14}},"249":{"start":{"line":458,"column":8},"end":{"line":458,"column":56}},"250":{"start":{"line":459,"column":8},"end":{"line":459,"column":14}},"251":{"start":{"line":461,"column":8},"end":{"line":461,"column":70}},"252":{"start":{"line":462,"column":8},"end":{"line":462,"column":14}},"253":{"start":{"line":464,"column":8},"end":{"line":464,"column":33}},"254":{"start":{"line":465,"column":8},"end":{"line":465,"column":60}},"255":{"start":{"line":465,"column":33},"end":{"line":465,"column":60}},"256":{"start":{"line":466,"column":8},"end":{"line":466,"column":49}},"257":{"start":{"line":468,"column":11},"end":{"line":496,"column":5}},"258":{"start":{"line":469,"column":6},"end":{"line":469,"column":32}},"259":{"start":{"line":470,"column":6},"end":{"line":473,"column":7}},"260":{"start":{"line":471,"column":8},"end":{"line":471,"column":33}},"261":{"start":{"line":472,"column":8},"end":{"line":472,"column":60}},"262":{"start":{"line":472,"column":33},"end":{"line":472,"column":60}},"263":{"start":{"line":474,"column":6},"end":{"line":489,"column":7}},"264":{"start":{"line":475,"column":8},"end":{"line":475,"column":26}},"265":{"start":{"line":476,"column":8},"end":{"line":488,"column":9}},"266":{"start":{"line":478,"column":10},"end":{"line":478,"column":47}},"267":{"start":{"line":479,"column":10},"end":{"line":479,"column":16}},"268":{"start":{"line":481,"column":10},"end":{"line":481,"column":61}},"269":{"start":{"line":482,"column":10},"end":{"line":482,"column":16}},"270":{"start":{"line":484,"column":10},"end":{"line":484,"column":75}},"271":{"start":{"line":485,"column":10},"end":{"line":485,"column":16}},"272":{"start":{"line":487,"column":10},"end":{"line":487,"column":54}},"273":{"start":{"line":490,"column":11},"end":{"line":496,"column":5}},"274":{"start":{"line":491,"column":6},"end":{"line":495,"column":7}},"275":{"start":{"line":492,"column":8},"end":{"line":492,"column":44}},"276":{"start":{"line":494,"column":8},"end":{"line":494,"column":70}},"277":{"start":{"line":498,"column":4},"end":{"line":498,"column":33}},"278":{"start":{"line":501,"column":2},"end":{"line":503,"column":4}},"279":{"start":{"line":502,"column":4},"end":{"line":502,"column":43}},"280":{"start":{"line":505,"column":2},"end":{"line":507,"column":4}},"281":{"start":{"line":506,"column":4},"end":{"line":506,"column":42}},"282":{"start":{"line":509,"column":2},"end":{"line":511,"column":4}},"283":{"start":{"line":510,"column":4},"end":{"line":510,"column":34}},"284":{"start":{"line":513,"column":2},"end":{"line":515,"column":4}},"285":{"start":{"line":514,"column":4},"end":{"line":514,"column":33}},"286":{"start":{"line":517,"column":2},"end":{"line":517,"column":65}},"287":{"start":{"line":519,"column":2},"end":{"line":536,"column":3}},"288":{"start":{"line":520,"column":4},"end":{"line":522,"column":5}},"289":{"start":{"line":521,"column":6},"end":{"line":521,"column":66}},"290":{"start":{"line":524,"column":4},"end":{"line":526,"column":5}},"291":{"start":{"line":525,"column":6},"end":{"line":525,"column":21}},"292":{"start":{"line":529,"column":4},"end":{"line":533,"column":5}},"293":{"start":{"line":530,"column":6},"end":{"line":530,"column":28}},"294":{"start":{"line":532,"column":6},"end":{"line":532,"column":25}},"295":{"start":{"line":535,"column":4},"end":{"line":535,"column":1
[...]
rTree(type, listener) {","","    type = typeof type === 'string' ? type.split(this.delimiter) : type.slice();","","    //","    // Looks for two consecutive '**', if so, don't add the event at all.","    //","    for(var i = 0, len = type.length; i+1 < len; i++) {","      if(type[i] === '**' && type[i+1] === '**') {","        return;","      }","    }","","    var tree = this.listenerTree;","    var name = type.shift();","","    while (name !== undefined) {","","      if (!tree[name]) {","        tree[name] = {};","      }","","      tree = tree[name];","","      if (type.length === 0) {","","        if (!tree._listeners) {","          tree._listeners = listener;","        }","        else {","          if (typeof tree._listeners === 'function') {","            tree._listeners = [tree._listeners];","          }","","          tree._listeners.push(listener);","","          if (","            !tree._listeners.warned &&","            this._maxListeners > 0 &&","            tree._listeners.length > this._maxListeners","          ) {","            tree._listeners.warned = true;","            logPossibleMemoryLeak.call(this, tree._listeners.length, name);","          }","        }","        return true;","      }","      name = type.shift();","    }","    return true;","  }","","  // By default EventEmitters will print a warning if more than","  // 10 listeners are added to it. This is a useful default which","  // helps finding memory leaks.","  //","  // Obviously not all Emitters should be limited to 10. This function allows","  // that to be increased. Set to zero for unlimited.","","  EventEmitter.prototype.delimiter = '.';","","  EventEmitter.prototype.setMaxListeners = function(n) {","    if (n !== undefined) {","      this._maxListeners = n;","      if (!this._conf) this._conf = {};","      this._conf.maxListeners = n;","    }","  };","","  EventEmitter.prototype.event = '';","","","  EventEmitter.prototype.once = function(event, fn) {","    return this._once(event, fn, false);","  };","","  EventEmitter.prototype.prependOnceListener = function(event, fn) {","    return this._once(event, fn, true);","  };","","  EventEmitter.prototype._once = function(event, fn, prepend) {","    this._many(event, 1, fn, prepend);","    return this;","  };","","  EventEmitter.prototype.many = function(event, ttl, fn) {","    return this._many(event, ttl, fn, false);","  }","","  EventEmitter.prototype.prependMany = function(event, ttl, fn) {","    return this._many(event, ttl, fn, true);","  }","","  EventEmitter.prototype._many = function(event, ttl, fn, prepend) {","    var self = this;","","    if (typeof fn !== 'function') {","      throw new Error('many only accepts instances of Function');","    }","","    function listener() {","      if (--ttl === 0) {","        self.off(event, listener);","      }","      return fn.apply(this, arguments);","    }","","    listener._origin = fn;","","    this._on(event, listener, prepend);","","    return self;","  };","","  EventEmitter.prototype.emit = function() {","","    this._events || init.call(this);","","    var type = arguments[0];","","    if (type === 'newListener' && !this.newListener) {","      if (!this._events.newListener) {","        return false;","      }","    }","","    var al = arguments.length;","    var args,l,i,j;","    var handler;","","    if (this._all && this._all.length) {","      handler = this._all.slice();","      if (al > 3) {","        args = new Array(al);","        for (j = 0; j < al; j++) args[j] = arguments[j];","      }","","      for (i = 0, l = handler.length; i < l; i++) {","        this.event = type;","        switch (al) {","        case 1:","          handler[i].call(this, type);","          break;","        case 2:","          handler[i].call(this, type, arguments[1]);","          break;","        case 3:","          handler[i].call(this, type, arguments[1], arguments[2]);","          break;","        default:","          handler[i].apply(this, args);","        }","      }","    }","","    if (this.wildcard) {","      handler = [];","      var ns = typeof type === 'string' ? type.split(this.delimiter) : type.slice();","      searchListenerTree.call(this, handler, ns, this.listenerTree, 0);","    } else {","      handler = this._events[type];","      if (typeof handler === 'function') {","        this.event = type;","        switch (al) {","        case 1:","          handler.call(this);","          break;","        case 2:","          handler.call(this, arguments[1]);","          break;","        case 3:","          handler.call(this, arguments[1], arguments[2]);","          break;","        default:","          args = new Array(al - 1);","          for (j = 1; j < al; j++) args[j - 1] = arguments[j];","          handler.apply(this, args);","        }","        return true;","      } else if (handler) {","        // need to make copy of handlers because list can change in the middle","        // of emit call","        handler = handler.slice();","      }","    }","","    if (handler && handler.length) {","      if (al > 3) {","        args = new Array(al - 1);","        for (j = 1; j < al; j++) args[j - 1] = arguments[j];","      }","      for (i = 0, l = handler.length; i < l; i++) {","        this.event = type;","        switch (al) {","        case 1:","          handler[i].call(this);","          break;","        case 2:","          handler[i].call(this, arguments[1]);","          break;","        case 3:","          handler[i].call(this, arguments[1], arguments[2]);","          break;","        default:","          handler[i].apply(this, args);","        }","      }","      return true;","    } else if (!this._all && type === 'error') {","      if (arguments[1] instanceof Error) {","        throw arguments[1]; // Unhandled 'error' event","      } else {","        throw new Error(\"Uncaught, unspecified 'error' event.\");","      }","      return false;","    }","","    return !!this._all;","  };","","  EventEmitter.prototype.emitAsync = function() {","","    this._events || init.call(this);","","    var type = arguments[0];","","    if (type === 'newListener' && !this.newListener) {","        if (!this._events.newListener) { return Promise.resolve([false]); }","    }","","    var promises= [];","","    var al = arguments.length;","    var args,l,i,j;","    var handler;","","    if (this._all) {","      if (al > 3) {","        args = new Array(al);","        for (j = 1; j < al; j++) args[j] = arguments[j];","      }","      for (i = 0, l = this._all.length; i < l; i++) {","        this.event = type;","        switch (al) {","        case 1:","          promises.push(this._all[i].call(this, type));","          break;","        case 2:","          promises.push(this._all[i].call(this, type, arguments[1]));","          break;","        case 3:","          promises.push(this._all[i].call(this, type, arguments[1], arguments[2]));","          break;","        default:","          promises.push(this._all[i].apply(this, args));","        }","      }","    }","","    if (this.wildcard) {","      handler = [];","      var ns = typeof type === 'string' ? type.split(this.delimiter) : type.slice();","      searchListenerTree.call(this, handler, ns, this.listenerTree, 0);","    } else {","      handler = this._events[type];","    }","","    if (typeof handler === 'function') {","      this.event = type;","      switch (al) {","      case 1:","        promises.push(handler.call(this));","        break;","      case 2:","        promises.push(handler.call(this, arguments[1]));","        break;","      case 3:","        promises.push(handler.call(this, arguments[1], arguments[2]));","        break;","      default:","        args = new Array(al - 1);","        for (j = 1; j < al; j++) args[j - 1] = arguments[j];","        promises.push(handler.apply(this, args));","      }","    } else if (handler && handler.length) {","      handler = handler.slice();","      if (al > 3) {","        args = new Array(al - 1);","        for (j = 1; j < al; j++) args[j - 1] = arguments[j];","      }","      for (i = 0, l = handler.length; i < l; i++) {","        this.event = type;","        switch (al) {","        case 1:","          promises.push(handler[i].call(this));","          break;","        case 2:","          promises.push(handler[i].call(this, arguments[1]));","          break;","        case 3:","          promises.push(handler[i].call(this, arguments[1], arguments[2]));","          break;","        default:","          promises.push(handler[i].apply(this, args));","        }","      }","    } else if (!this._all && type === 'error') {","      if (arguments[1] instanceof Error) {","        return Promise.reject(arguments[1]); // Unhandled 'error' event","      } else {","        return Promise.reject(\"Uncaught, unspecified 'error' event.\");","      }","    }","","    return Promise.all(promises);","  };","","  EventEmitter.prototype.on = function(type, listener) {","    return this._on(type, listener, false);","  };","","  EventEmitter.prototype.prependListener = function(type, listener) {","    return this._on(type, listener, true);","  };","","  EventEmitter.prototype.onAny = function(fn) {","    return this._onAny(fn, false);","  };","","  EventEmitter.prototype.prependAny = function(fn) {","    return this._onAny(fn, true);","  };","","  EventEmitter.prototype.addListener = EventEmitter.prototype.on;","","  EventEmitter.prototype._onAny = function(fn, prepend){","    if (typeof fn !== 'function') {","      throw new Error('onAny only accepts instances of Function');","    }","","    if (!this._all) {","      this._all = [];","    }","","    // Add the function to the event listener collection.","    if(prepend){","      this._all.unshift(fn);","    }else{","      this._all.push(fn);","    }","","    return this;","  }","","  EventEmitter.prototype._on = function(type, listener, prepend) {","    if (typeof type === 'function') {","      this._onAny(type, listener);","      return this;","    }","","    if (typeof listener !== 'function') {","      throw new Error('on only accepts instances of Function');","    }","    this._events || init.call(this);","","    // To avoid recursion in the case that type == \"newListeners\"! Before","    // adding it to the listeners, first emit \"newListeners\".","    this.emit('newListener', type, listener);","","    if (this.wildcard) {","      growListenerTree.call(this, type, listener);","      return this;","    }","","    if (!this._events[type]) {","      // Optimize the case of one listener. Don't need the extra array object.","      this._events[type] = listener;","    }","    else {","      if (typeof this._events[type] === 'function') {","        // Change to array.","        this._events[type] = [this._events[type]];","      }","","      // If we've already got an array, just add","      if(prepend){","        this._events[type].unshift(listener);","      }else{","        this._events[type].push(listener);","      }","","      // Check for listener leak","      if (","        !this._events[type].warned &&","        this._maxListeners > 0 &&","        this._events[type].length > this._maxListeners","      ) {","        this._events[type].warned = true;","        logPossibleMemoryLeak.call(this, this._events[type].length, type);","      }","    }","","    return this;","  }","","  EventEmitter.prototype.off = function(type, listener) {","    if (typeof listener !== 'function') {","      throw new Error('removeListener only takes instances of Function');","    }","","    var handlers,leafs=[];","","    if(this.wildcard) {","      var ns = typeof type === 'string' ? type.split(this.delimiter) : type.slice();","      leafs = searchListenerTree.call(this, null, ns, this.listenerTree, 0);","    }","    else {","      // does not use listeners(), so no side effect of creating _events[type]","      if (!this._events[type]) return this;","      handlers = this._events[type];","      leafs.push({_listeners:handlers});","    }","","    for (var iLeaf=0; iLeaf<leafs.length; iLeaf++) {","      var leaf = leafs[iLeaf];","      handlers = leaf._listeners;","      if (isArray(handlers)) {","","        var position = -1;","","        for (var i = 0, length = handlers.length; i < length; i++) {","          if (handlers[i] === listener ||","            (handlers[i].listener && handlers[i].listener === listener) ||","            (handlers[i]._origin && handlers[i]._origin === listener)) {","            position = i;","            break;","          }","        }","","        if (position < 0) {","          continue;","        }","","        if(this.wildcard) {","          leaf._listeners.splice(position, 1);","        }","        else {","          this._events[type].splice(position, 1);","        }","","        if (handlers.length === 0) {","          if(this.wildcard) {","            delete leaf._listeners;","          }","          else {","            delete this._events[type];","          }","        }","","        this.emit(\"removeListener\", type, listener);","","        return this;","      }","      else if (handlers === listener ||","        (handlers.listener && handlers.listener === listener) ||","        (handlers._origin && handlers._origin === listener)) {","        if(this.wildcard) {","          delete leaf._listeners;","        }","        else {","          delete this._events[type];","        }","","        this.emit(\"removeListener\", type, listener);","      }","    }","","    function recursivelyGarbageCollect(root) {","      if (root === undefined) {","        return;","      }","      var keys = Object.keys(root);","      for (var i in keys) {","        var key = keys[i];","        var obj = root[key];","        if ((obj instanceof Function) || (typeof obj !== \"object\") || (obj === null))","          continue;","        if (Object.keys(obj).length > 0) {","          recursivelyGarbageCollect(root[key]);","        }","        if (Object.keys(obj).length === 0) {","          delete root[key];","        }","      }","    }","    recursivelyGarbageCollect(this.listenerTree);","","    return this;","  };","","  EventEmitter.prototype.offAny = function(fn) {","    var i = 0, l = 0, fns;","    if (fn && this._all && this._all.length > 0) {","      fns = this._all;","      for(i = 0, l = fns.length; i < l; i++) {","        if(fn === fns[i]) {","          fns.splice(i, 1);","          this.emit(\"removeListenerAny\", fn);","          return this;","        }","      }","    } else {","      fns = this._all;","      for(i = 0, l = fns.length; i < l; i++)","        this.emit(\"removeListenerAny\", fns[i]);","      this._all = [];","    }","    return this;","  };","","  EventEmitter.prototype.removeListener = EventEmitter.prototype.off;","","  EventEmitter.prototype.removeAllListeners = function(type) {","    if (arguments.length === 0) {","      !this._events || init.call(this);","      return this;","    }","","    if (this.wildcard) {","      var ns = typeof type === 'string' ? type.split(this.delimiter) : type.slice();","      var leafs = searchListenerTree.call(this, null, ns, this.listenerTree, 0);","","      for (var iLeaf=0; iLeaf<leafs.length; iLeaf++) {","        var leaf = leafs[iLeaf];","        leaf._listeners = null;","      }","    }","    else if (this._events) {","      this._events[type] = null;","    }","    return this;","  };","","  EventEmitter.prototype.listeners = function(type) {","    if (this.wildcard) {","      var handlers = [];","      var ns = typeof type === 'string' ? type.split(this.delimiter) : type.slice();","      searchListenerTree.call(this, handlers, ns, this.listenerTree, 0);","      return handlers;","    }","","    this._events || init.call(this);","","    if (!this._events[type]) this._events[type] = [];","    if (!isArray(this._events[type])) {","      this._events[type] = [this._events[type]];","    }","    return this._events[type];","  };","","  EventEmitter.prototype.eventNames = function(){","    return Object.keys(this._events);","  }","","  EventEmitter.prototype.listenerCount = function(type) {","    return this.listeners(type).length;","  };","","  EventEmitter.prototype.listenersAny = function() {","","    if(this._all) {","      return this._all;","    }","    else {","      return [];","    }","","  };","","  if (typeof define === 'function' && define.amd) {","     // AMD. Register as an anonymous module.","    define(function() {","      return EventEmitter;","    });","  } else if (typeof exports === 'object') {","    // CommonJS","    module.exports = EventEmitter;","  }","  else {","    // Browser global.","    window.EventEmitter2 = EventEmitter;","  }","}();",""],"l":{"8":1,"10":1,"11":0,"13":1,"15":1,"16":0,"17":0,"18":0,"22":1,"23":0,"24":0,"26":0,"27":0,"29":0,"30":0,"31":0,"33":0,"34":0,"37":0,"41":1,"42":0,"46":0,"47":0,"50":0,"51":0,"52":0,"53":0,"54":0,"55":0,"57":0,"59":0,"60":0,"65":1,"66":0,"67":0,"68":0,"69":0,"71":1,"78":1,"79":0,"80":0,"82":0,"84":0,"89":0,"90":0,"91":0,"93":0,"94":0,"96":0,"100":0,"105":0,"106":0,"107":0,"108":0,"111":0,"112":0,"113":0,"114":0,"116":0,"119":0,"120":0,"121":0,"122":0,"123":0,"125":0,"126":0,"127":0,"130":0,"134":0,"137":0,"140":0,"141":0,"146":0,"149":0,"150":0,"151":0,"152":0,"154":0,"158":0,"159":0,"160":0,"162":0,"163":0,"165":0,"167":0,"168":0,"169":0,"173":0,"175":0,"176":0,"177":0,"181":0,"184":1,"186":0,"191":0,"192":0,"193":0,"197":0,"198":0,"200":0,"202":0,"203":0,"206":0,"208":0,"210":0,"211":0,"214":0,"215":0,"218":0,"220":0,"225":0,"226":0,"229":0,"231":0,"233":0,"243":1,"245":1,"246":0,"247":0,"248":0,"249":0,"253":1,"256":1,"257":0,"260":1,"261":0,"264":1,"265":0,"266":0,"269":1,"270":0,"273":1,"274":0,"277":1,"278":0,"280":0,"281":0,"284":1,"285":0,"286":0,"288":0,"291":0,"293":0,"295":0,"298":1,"300":0,"302":0,"304":0,"305":0,"306":0,"310":0,"311":0,"312":0,"314":0,"315":0,"316":0,"317":0,"318":0,"321":0,"322":0,"323":0,"325":0,"326":0,"328":0,"329":0,"331":0,"332":0,"334":0,"339":0,"340":0,"341":0,"342":0,"344":0,"345":0,"346":0,"347":0,"349":0,"350":0,"352":0,"353":0,"355":0,"356":0,"358":0,"359":0,"360":0,"362":0,"363":0,"366":0,"370":0,"371":0,"372":0,"373":0,"375":0,"376":0,"377":0,"379":0,"380":0,"382":0,"383":0,"385":0,"386":0,"388":0,"391":0,"392":0,"393":0,"394":0,"396":0,"398":0,"401":0,"404":1,"406":0,"408":0,"410":0,"411":0,"414":0,"416":0,"417":0,"418":0,"420":0,"421":0,"422":0,"423":0,"425":0,"426":0,"427":0,"429":0,"430":0,"432":0,"433":0,"435":0,"436":0,"438":0,"443":0,"444":0,"445":0,"446":0,"448":0,"451":0,"452":0,"453":0,"455":0,"456":0,"458":0,"459":0,"461":0,"462":0,"464":0,"465":0,"466":0,"468":0,"469":0,"470":0,"471":0,"472":0,"474":0,"475":0,"476":0,"478":0,"479":0,"481":0,"482":0,"484":0,"485":0,"487":0,"490":0,"491":0,"492":0,"494":0,"498":0,"501":1,"502":0,"505":1,"506":0,"509":1,"510":0,"513":1,"514":0,"517":1,"519":1,"520":0,"521":0,"524":0,"525":0,"529":0,"530":0,"532":0,"535":0,"538":1,"539":0,"540":0,"541":0,"544":0,"545":0,"547":0,"551":0,"553":0,"554":0,"555":0,"558":0,"560":0,"563":0,"565":0,"569":0,"570":0,"572":0,"576":0,"581":0,"582":0,"586":0,"589":1,"590":0,"591":0,"594":0,"596":0,"597":0,"598":0,"602":0,"603":0,"604":0,"607":0,"608":0,"609":0,"610":0,"612":0,"614":0,"615":0,"618":0,"619":0,"623":0,"624":0,"627":0,"628":0,"631":0,"634":0,"635":0,"636":0,"639":0,"643":0,"645":0,"647":0,"650":0,"651":0,"654":0,"657":0,"661":1,"662":0,"663":0,"665":0,"666":0,"667":0,"668":0,"669":0,"670":0,"671":0,"672":0,"674":0,"675":0,"679":0,"681":0,"684":1,"685":0,"686":0,"687":0,"688":0,"689":0,"690":0,"691":0,"692":0,"696":0,"697":0,"698":0,"699":0,"701":0,"704":1,"706":1,"707":0,"708":0,"709":0,"712":0,"713":0,"714":0,"716":0,"717":0,"718":0,"721":0,"722":0,"724":0,"727":1,"728":0,"729":0,"730":0,"731":0,"732":0,"735":0,"737":0,"738":0,"739":0,"741":0,"744":1,"745":0,"748":1,"749":0,"752":1,"754":0,"755":0,"758":0,"763":1,"765":0,"766":0,"768":1,"770":1,"774":0}}}